[2025-09-29T23:24:45.233+0000] {manager.py:483} INFO - Processing files using up to 2 processes at a time 
[2025-09-29T23:24:45.235+0000] {manager.py:484} INFO - Process each file at most once every 30 seconds
[2025-09-29T23:24:45.236+0000] {manager.py:485} INFO - Checking for new files in /opt/airflow/dags every 300 seconds
[2025-09-29T23:24:45.237+0000] {manager.py:821} INFO - Searching for files in /opt/airflow/dags
[2025-09-29T23:24:45.248+0000] {manager.py:824} INFO - There are 0 files in /opt/airflow/dags
[2025-09-29T23:29:45.927+0000] {manager.py:821} INFO - Searching for files in /opt/airflow/dags
[2025-09-29T23:29:46.115+0000] {manager.py:824} INFO - There are 0 files in /opt/airflow/dags
[2025-09-29T23:34:45.994+0000] {manager.py:821} INFO - Searching for files in /opt/airflow/dags
[2025-09-29T23:34:46.051+0000] {manager.py:824} INFO - There are 0 files in /opt/airflow/dags
[2025-09-29T23:39:46.829+0000] {manager.py:821} INFO - Searching for files in /opt/airflow/dags
[2025-09-29T23:39:46.859+0000] {manager.py:824} INFO - There are 0 files in /opt/airflow/dags
[2025-09-29T23:44:47.627+0000] {manager.py:821} INFO - Searching for files in /opt/airflow/dags
[2025-09-29T23:44:47.693+0000] {manager.py:824} INFO - There are 0 files in /opt/airflow/dags
[2025-09-29T23:49:47.867+0000] {manager.py:821} INFO - Searching for files in /opt/airflow/dags
[2025-09-29T23:49:47.909+0000] {manager.py:824} INFO - There are 0 files in /opt/airflow/dags
[2025-09-29T23:54:48.687+0000] {manager.py:821} INFO - Searching for files in /opt/airflow/dags
[2025-09-29T23:54:48.758+0000] {manager.py:824} INFO - There are 0 files in /opt/airflow/dags
[2025-09-29T23:59:49.250+0000] {manager.py:821} INFO - Searching for files in /opt/airflow/dags
[2025-09-29T23:59:48.906+0000] {manager.py:824} INFO - There are 0 files in /opt/airflow/dags
[2025-09-30T00:04:49.540+0000] {manager.py:821} INFO - Searching for files in /opt/airflow/dags
[2025-09-30T00:04:49.602+0000] {manager.py:824} INFO - There are 0 files in /opt/airflow/dags
[2025-09-30T00:09:50.502+0000] {manager.py:821} INFO - Searching for files in /opt/airflow/dags
[2025-09-30T00:09:50.558+0000] {manager.py:824} INFO - There are 0 files in /opt/airflow/dags
[2025-09-30T00:14:51.398+0000] {manager.py:821} INFO - Searching for files in /opt/airflow/dags
[2025-09-30T00:14:51.430+0000] {manager.py:824} INFO - There are 0 files in /opt/airflow/dags
[2025-09-30T01:14:23.273+0000] {manager.py:821} INFO - Searching for files in /opt/airflow/dags
[2025-09-30T01:14:23.420+0000] {manager.py:824} INFO - There are 0 files in /opt/airflow/dags
[2025-09-30T01:27:06.415+0000] {manager.py:821} INFO - Searching for files in /opt/airflow/dags
[2025-09-30T01:27:06.556+0000] {manager.py:824} INFO - There are 0 files in /opt/airflow/dags
[2025-09-30T06:04:54.758+0000] {manager.py:821} INFO - Searching for files in /opt/airflow/dags
[2025-09-30T06:04:55.038+0000] {manager.py:824} INFO - There are 0 files in /opt/airflow/dags
[2025-09-30T06:09:55.298+0000] {manager.py:821} INFO - Searching for files in /opt/airflow/dags
[2025-09-30T06:09:55.350+0000] {manager.py:824} INFO - There are 0 files in /opt/airflow/dags
[2025-09-30T06:14:56.248+0000] {manager.py:821} INFO - Searching for files in /opt/airflow/dags
[2025-09-30T06:14:56.345+0000] {manager.py:824} INFO - There are 0 files in /opt/airflow/dags
[2025-09-30T06:19:56.798+0000] {manager.py:821} INFO - Searching for files in /opt/airflow/dags
[2025-09-30T06:19:56.828+0000] {manager.py:824} INFO - There are 0 files in /opt/airflow/dags
[2025-09-30T06:24:57.520+0000] {manager.py:821} INFO - Searching for files in /opt/airflow/dags
[2025-09-30T06:24:57.706+0000] {manager.py:824} INFO - There are 0 files in /opt/airflow/dags
[2025-09-30T06:29:58.356+0000] {manager.py:821} INFO - Searching for files in /opt/airflow/dags
[2025-09-30T06:29:58.463+0000] {manager.py:824} INFO - There are 0 files in /opt/airflow/dags
[2025-09-30T06:34:58.383+0000] {manager.py:821} INFO - Searching for files in /opt/airflow/dags
[2025-09-30T06:34:58.470+0000] {manager.py:824} INFO - There are 0 files in /opt/airflow/dags
[2025-09-30T06:39:58.723+0000] {manager.py:821} INFO - Searching for files in /opt/airflow/dags
[2025-09-30T06:39:58.816+0000] {manager.py:824} INFO - There are 0 files in /opt/airflow/dags
[2025-09-30T06:44:59.123+0000] {manager.py:821} INFO - Searching for files in /opt/airflow/dags
[2025-09-30T06:44:59.149+0000] {manager.py:824} INFO - There are 0 files in /opt/airflow/dags
[2025-09-30T06:49:59.862+0000] {manager.py:821} INFO - Searching for files in /opt/airflow/dags
[2025-09-30T06:49:59.889+0000] {manager.py:824} INFO - There are 0 files in /opt/airflow/dags
[2025-09-30T06:54:59.870+0000] {manager.py:821} INFO - Searching for files in /opt/airflow/dags
[2025-09-30T06:54:59.921+0000] {manager.py:824} INFO - There are 0 files in /opt/airflow/dags
[2025-09-30T06:59:59.948+0000] {manager.py:821} INFO - Searching for files in /opt/airflow/dags
[2025-09-30T07:00:00.011+0000] {manager.py:824} INFO - There are 0 files in /opt/airflow/dags
[2025-09-30T07:05:00.484+0000] {manager.py:821} INFO - Searching for files in /opt/airflow/dags
[2025-09-30T07:05:00.509+0000] {manager.py:824} INFO - There are 0 files in /opt/airflow/dags
[2025-09-30T07:10:01.422+0000] {manager.py:821} INFO - Searching for files in /opt/airflow/dags
[2025-09-30T07:10:01.465+0000] {manager.py:824} INFO - There are 0 files in /opt/airflow/dags
[2025-09-30T07:15:02.015+0000] {manager.py:821} INFO - Searching for files in /opt/airflow/dags
[2025-09-30T07:15:02.042+0000] {manager.py:824} INFO - There are 0 files in /opt/airflow/dags
[2025-09-30T07:20:02.262+0000] {manager.py:821} INFO - Searching for files in /opt/airflow/dags
[2025-09-30T07:20:02.315+0000] {manager.py:824} INFO - There are 0 files in /opt/airflow/dags
[2025-09-30T07:25:02.887+0000] {manager.py:821} INFO - Searching for files in /opt/airflow/dags
[2025-09-30T07:25:02.918+0000] {manager.py:824} INFO - There are 0 files in /opt/airflow/dags
[2025-09-30T07:30:03.396+0000] {manager.py:821} INFO - Searching for files in /opt/airflow/dags
[2025-09-30T07:30:03.399+0000] {manager.py:824} INFO - There are 0 files in /opt/airflow/dags
[2025-09-30T07:35:03.799+0000] {manager.py:821} INFO - Searching for files in /opt/airflow/dags
[2025-09-30T07:35:03.802+0000] {manager.py:824} INFO - There are 0 files in /opt/airflow/dags
[2025-09-30T07:40:04.031+0000] {manager.py:821} INFO - Searching for files in /opt/airflow/dags
[2025-09-30T07:40:04.051+0000] {manager.py:824} INFO - There are 0 files in /opt/airflow/dags
[2025-09-30T07:45:04.631+0000] {manager.py:821} INFO - Searching for files in /opt/airflow/dags
[2025-09-30T07:45:04.653+0000] {manager.py:824} INFO - There are 0 files in /opt/airflow/dags
[2025-09-30T07:50:05.340+0000] {manager.py:821} INFO - Searching for files in /opt/airflow/dags
[2025-09-30T07:50:05.362+0000] {manager.py:824} INFO - There are 0 files in /opt/airflow/dags
[2025-09-30T07:55:05.422+0000] {manager.py:821} INFO - Searching for files in /opt/airflow/dags
[2025-09-30T07:55:05.435+0000] {manager.py:824} INFO - There are 0 files in /opt/airflow/dags
[2025-09-30T08:00:05.755+0000] {manager.py:821} INFO - Searching for files in /opt/airflow/dags
[2025-09-30T08:00:05.788+0000] {manager.py:824} INFO - There are 0 files in /opt/airflow/dags
[2025-09-30T08:05:06.361+0000] {manager.py:821} INFO - Searching for files in /opt/airflow/dags
[2025-09-30T08:05:06.434+0000] {manager.py:824} INFO - There are 0 files in /opt/airflow/dags
[2025-09-30T08:10:06.467+0000] {manager.py:821} INFO - Searching for files in /opt/airflow/dags
[2025-09-30T08:10:06.628+0000] {manager.py:824} INFO - There are 0 files in /opt/airflow/dags
[2025-09-30T08:15:06.621+0000] {manager.py:821} INFO - Searching for files in /opt/airflow/dags
[2025-09-30T08:15:06.664+0000] {manager.py:824} INFO - There are 0 files in /opt/airflow/dags
[2025-09-30T08:20:07.517+0000] {manager.py:821} INFO - Searching for files in /opt/airflow/dags
[2025-09-30T08:20:07.572+0000] {manager.py:824} INFO - There are 0 files in /opt/airflow/dags
[2025-09-30T08:25:08.165+0000] {manager.py:821} INFO - Searching for files in /opt/airflow/dags
[2025-09-30T08:25:08.257+0000] {manager.py:824} INFO - There are 0 files in /opt/airflow/dags
[2025-09-30T08:30:08.536+0000] {manager.py:821} INFO - Searching for files in /opt/airflow/dags
[2025-09-30T08:30:08.556+0000] {manager.py:824} INFO - There are 0 files in /opt/airflow/dags
[2025-09-30T08:35:08.746+0000] {manager.py:821} INFO - Searching for files in /opt/airflow/dags
[2025-09-30T08:35:08.868+0000] {manager.py:824} INFO - There are 0 files in /opt/airflow/dags
[2025-09-30T08:40:08.918+0000] {manager.py:821} INFO - Searching for files in /opt/airflow/dags
[2025-09-30T08:40:08.933+0000] {manager.py:824} INFO - There are 0 files in /opt/airflow/dags
[2025-09-30T08:45:09.153+0000] {manager.py:821} INFO - Searching for files in /opt/airflow/dags
[2025-09-30T08:45:09.178+0000] {manager.py:824} INFO - There are 0 files in /opt/airflow/dags
[2025-09-30T08:50:09.819+0000] {manager.py:821} INFO - Searching for files in /opt/airflow/dags
[2025-09-30T08:50:09.835+0000] {manager.py:824} INFO - There are 0 files in /opt/airflow/dags
[2025-09-30T08:55:10.021+0000] {manager.py:821} INFO - Searching for files in /opt/airflow/dags
[2025-09-30T08:55:10.047+0000] {manager.py:824} INFO - There are 0 files in /opt/airflow/dags
[2025-09-30T09:00:10.592+0000] {manager.py:821} INFO - Searching for files in /opt/airflow/dags
[2025-09-30T09:00:10.619+0000] {manager.py:824} INFO - There are 0 files in /opt/airflow/dags
[2025-09-30T09:05:10.596+0000] {manager.py:821} INFO - Searching for files in /opt/airflow/dags
[2025-09-30T09:05:10.643+0000] {manager.py:824} INFO - There are 0 files in /opt/airflow/dags
[2025-09-30T09:10:10.910+0000] {manager.py:821} INFO - Searching for files in /opt/airflow/dags
[2025-09-30T09:10:10.933+0000] {manager.py:824} INFO - There are 0 files in /opt/airflow/dags
[2025-09-30T09:15:11.772+0000] {manager.py:821} INFO - Searching for files in /opt/airflow/dags
[2025-09-30T09:15:11.799+0000] {manager.py:824} INFO - There are 0 files in /opt/airflow/dags
[2025-09-30T09:20:12.517+0000] {manager.py:821} INFO - Searching for files in /opt/airflow/dags
[2025-09-30T09:20:12.521+0000] {manager.py:824} INFO - There are 0 files in /opt/airflow/dags
[2025-09-30T09:25:12.794+0000] {manager.py:821} INFO - Searching for files in /opt/airflow/dags
[2025-09-30T09:25:12.798+0000] {manager.py:824} INFO - There are 0 files in /opt/airflow/dags
[2025-09-30T10:16:23.162+0000] {manager.py:821} INFO - Searching for files in /opt/airflow/dags
[2025-09-30T10:16:23.188+0000] {manager.py:824} INFO - There are 0 files in /opt/airflow/dags
[2025-09-30T11:21:26.675+0000] {manager.py:821} INFO - Searching for files in /opt/airflow/dags
[2025-09-30T11:21:26.696+0000] {manager.py:824} INFO - There are 0 files in /opt/airflow/dags
[2025-09-30T11:26:26.948+0000] {manager.py:821} INFO - Searching for files in /opt/airflow/dags
[2025-09-30T11:26:27.059+0000] {manager.py:824} INFO - There are 0 files in /opt/airflow/dags
[2025-09-30T11:31:27.341+0000] {manager.py:821} INFO - Searching for files in /opt/airflow/dags
[2025-09-30T11:31:27.364+0000] {manager.py:824} INFO - There are 0 files in /opt/airflow/dags
[2025-09-30T11:36:27.780+0000] {manager.py:821} INFO - Searching for files in /opt/airflow/dags
[2025-09-30T11:36:27.800+0000] {manager.py:824} INFO - There are 0 files in /opt/airflow/dags
[2025-09-30T11:41:28.052+0000] {manager.py:821} INFO - Searching for files in /opt/airflow/dags
[2025-09-30T11:41:28.086+0000] {manager.py:824} INFO - There are 0 files in /opt/airflow/dags
[2025-09-30T11:46:29.022+0000] {manager.py:821} INFO - Searching for files in /opt/airflow/dags
[2025-09-30T11:46:29.055+0000] {manager.py:824} INFO - There are 0 files in /opt/airflow/dags
[2025-09-30T11:51:29.658+0000] {manager.py:821} INFO - Searching for files in /opt/airflow/dags
[2025-09-30T11:51:29.702+0000] {manager.py:824} INFO - There are 0 files in /opt/airflow/dags
[2025-09-30T11:56:30.193+0000] {manager.py:821} INFO - Searching for files in /opt/airflow/dags
[2025-09-30T11:56:30.238+0000] {manager.py:824} INFO - There are 0 files in /opt/airflow/dags
[2025-09-30T12:01:30.525+0000] {manager.py:821} INFO - Searching for files in /opt/airflow/dags
[2025-09-30T12:01:30.550+0000] {manager.py:824} INFO - There are 0 files in /opt/airflow/dags
[2025-09-30T12:06:30.761+0000] {manager.py:821} INFO - Searching for files in /opt/airflow/dags
[2025-09-30T12:06:30.804+0000] {manager.py:824} INFO - There are 0 files in /opt/airflow/dags
[2025-09-30T12:11:30.866+0000] {manager.py:821} INFO - Searching for files in /opt/airflow/dags
[2025-09-30T12:11:30.912+0000] {manager.py:824} INFO - There are 0 files in /opt/airflow/dags
[2025-09-30T12:16:31.064+0000] {manager.py:821} INFO - Searching for files in /opt/airflow/dags
[2025-09-30T12:16:31.098+0000] {manager.py:824} INFO - There are 0 files in /opt/airflow/dags
[2025-09-30T12:21:31.912+0000] {manager.py:821} INFO - Searching for files in /opt/airflow/dags
[2025-09-30T12:21:31.960+0000] {manager.py:824} INFO - There are 0 files in /opt/airflow/dags
[2025-09-30T12:26:31.941+0000] {manager.py:821} INFO - Searching for files in /opt/airflow/dags
[2025-09-30T12:26:32.011+0000] {manager.py:824} INFO - There are 0 files in /opt/airflow/dags
[2025-09-30T12:31:32.936+0000] {manager.py:821} INFO - Searching for files in /opt/airflow/dags
[2025-09-30T12:31:32.976+0000] {manager.py:824} INFO - There are 0 files in /opt/airflow/dags
[2025-09-30T12:36:32.995+0000] {manager.py:821} INFO - Searching for files in /opt/airflow/dags
[2025-09-30T12:36:32.998+0000] {manager.py:824} INFO - There are 0 files in /opt/airflow/dags
[2025-09-30T12:41:33.547+0000] {manager.py:821} INFO - Searching for files in /opt/airflow/dags
[2025-09-30T12:41:33.556+0000] {manager.py:824} INFO - There are 0 files in /opt/airflow/dags
[2025-09-30T12:46:34.306+0000] {manager.py:821} INFO - Searching for files in /opt/airflow/dags
[2025-09-30T12:46:34.349+0000] {manager.py:824} INFO - There are 0 files in /opt/airflow/dags
[2025-09-30T12:51:34.381+0000] {manager.py:821} INFO - Searching for files in /opt/airflow/dags
[2025-09-30T12:51:34.417+0000] {manager.py:824} INFO - There are 0 files in /opt/airflow/dags
[2025-09-30T12:56:35.093+0000] {manager.py:821} INFO - Searching for files in /opt/airflow/dags
[2025-09-30T12:56:35.106+0000] {manager.py:824} INFO - There are 0 files in /opt/airflow/dags
[2025-09-30T13:01:35.655+0000] {manager.py:821} INFO - Searching for files in /opt/airflow/dags
[2025-09-30T13:01:35.683+0000] {manager.py:824} INFO - There are 0 files in /opt/airflow/dags
[2025-09-30T13:06:36.503+0000] {manager.py:821} INFO - Searching for files in /opt/airflow/dags
[2025-09-30T13:06:36.518+0000] {manager.py:824} INFO - There are 0 files in /opt/airflow/dags
[2025-09-30T13:11:37.485+0000] {manager.py:821} INFO - Searching for files in /opt/airflow/dags
[2025-09-30T13:11:37.519+0000] {manager.py:824} INFO - There are 0 files in /opt/airflow/dags
[2025-09-30T13:16:38.234+0000] {manager.py:821} INFO - Searching for files in /opt/airflow/dags
[2025-09-30T13:16:38.273+0000] {manager.py:824} INFO - There are 0 files in /opt/airflow/dags
[2025-09-30T13:21:39.217+0000] {manager.py:821} INFO - Searching for files in /opt/airflow/dags
[2025-09-30T13:21:39.239+0000] {manager.py:824} INFO - There are 0 files in /opt/airflow/dags
[2025-09-30T13:26:39.663+0000] {manager.py:821} INFO - Searching for files in /opt/airflow/dags
[2025-09-30T13:26:39.707+0000] {manager.py:824} INFO - There are 0 files in /opt/airflow/dags
[2025-09-30T13:31:40.567+0000] {manager.py:821} INFO - Searching for files in /opt/airflow/dags
[2025-09-30T13:31:40.594+0000] {manager.py:824} INFO - There are 0 files in /opt/airflow/dags
[2025-09-30T13:36:41.347+0000] {manager.py:821} INFO - Searching for files in /opt/airflow/dags
[2025-09-30T13:36:41.384+0000] {manager.py:824} INFO - There are 0 files in /opt/airflow/dags
[2025-09-30T13:41:42.267+0000] {manager.py:821} INFO - Searching for files in /opt/airflow/dags
[2025-09-30T13:41:42.285+0000] {manager.py:824} INFO - There are 0 files in /opt/airflow/dags
[2025-09-30T13:47:37.781+0000] {manager.py:483} INFO - Processing files using up to 2 processes at a time 
[2025-09-30T13:47:37.785+0000] {manager.py:484} INFO - Process each file at most once every 30 seconds
[2025-09-30T13:47:37.787+0000] {manager.py:485} INFO - Checking for new files in /opt/airflow/dags every 300 seconds
[2025-09-30T13:47:37.788+0000] {manager.py:821} INFO - Searching for files in /opt/airflow/dags
[2025-09-30T13:47:37.799+0000] {manager.py:824} INFO - There are 0 files in /opt/airflow/dags
[2025-09-30T13:47:42.358+0000] {manager.py:465} INFO - Exiting gracefully upon receiving signal 15
