[2025-10-01T12:15:59.008+0000] {processor.py:186} INFO - Started process (PID=33) to work on /opt/airflow/dags/device_config_dag.py
[2025-10-01T12:15:59.023+0000] {processor.py:914} INFO - Processing file /opt/airflow/dags/device_config_dag.py for tasks to queue
[2025-10-01T12:15:59.050+0000] {logging_mixin.py:190} INFO - [2025-10-01T12:15:59.046+0000] {dagbag.py:588} INFO - Filling up the DagBag from /opt/airflow/dags/device_config_dag.py
[2025-10-01T12:16:12.584+0000] {processor.py:925} INFO - DAG(s) 'device_config_pipeline' retrieved from /opt/airflow/dags/device_config_dag.py
[2025-10-01T12:16:12.892+0000] {logging_mixin.py:190} INFO - [2025-10-01T12:16:12.887+0000] {dag.py:3239} INFO - Sync 1 DAGs
[2025-10-01T12:16:13.140+0000] {processor.py:208} INFO - Processing /opt/airflow/dags/device_config_dag.py took 15.060 seconds
[2025-10-01T12:16:43.766+0000] {processor.py:186} INFO - Started process (PID=67) to work on /opt/airflow/dags/device_config_dag.py
[2025-10-01T12:16:43.781+0000] {processor.py:914} INFO - Processing file /opt/airflow/dags/device_config_dag.py for tasks to queue
[2025-10-01T12:16:44.019+0000] {logging_mixin.py:190} INFO - [2025-10-01T12:16:43.912+0000] {dagbag.py:588} INFO - Filling up the DagBag from /opt/airflow/dags/device_config_dag.py
[2025-10-01T12:17:00.566+0000] {processor.py:925} INFO - DAG(s) 'device_config_pipeline' retrieved from /opt/airflow/dags/device_config_dag.py
[2025-10-01T12:17:00.792+0000] {logging_mixin.py:190} INFO - [2025-10-01T12:17:00.789+0000] {dag.py:3239} INFO - Sync 1 DAGs
[2025-10-01T12:17:00.921+0000] {processor.py:208} INFO - Processing /opt/airflow/dags/device_config_dag.py took 17.233 seconds
[2025-10-01T12:17:31.373+0000] {processor.py:186} INFO - Started process (PID=85) to work on /opt/airflow/dags/device_config_dag.py
[2025-10-01T12:17:31.377+0000] {processor.py:914} INFO - Processing file /opt/airflow/dags/device_config_dag.py for tasks to queue
[2025-10-01T12:17:31.397+0000] {logging_mixin.py:190} INFO - [2025-10-01T12:17:31.386+0000] {dagbag.py:588} INFO - Filling up the DagBag from /opt/airflow/dags/device_config_dag.py
[2025-10-01T12:17:35.068+0000] {processor.py:925} INFO - DAG(s) 'device_config_pipeline' retrieved from /opt/airflow/dags/device_config_dag.py
[2025-10-01T12:17:35.600+0000] {logging_mixin.py:190} INFO - [2025-10-01T12:17:35.597+0000] {dag.py:3239} INFO - Sync 1 DAGs
[2025-10-01T12:17:35.818+0000] {processor.py:208} INFO - Processing /opt/airflow/dags/device_config_dag.py took 4.497 seconds
[2025-10-01T12:18:06.795+0000] {processor.py:186} INFO - Started process (PID=103) to work on /opt/airflow/dags/device_config_dag.py
[2025-10-01T12:18:06.799+0000] {processor.py:914} INFO - Processing file /opt/airflow/dags/device_config_dag.py for tasks to queue
[2025-10-01T12:18:06.807+0000] {logging_mixin.py:190} INFO - [2025-10-01T12:18:06.806+0000] {dagbag.py:588} INFO - Filling up the DagBag from /opt/airflow/dags/device_config_dag.py
[2025-10-01T12:18:08.413+0000] {processor.py:925} INFO - DAG(s) 'device_config_pipeline' retrieved from /opt/airflow/dags/device_config_dag.py
[2025-10-01T12:18:08.507+0000] {logging_mixin.py:190} INFO - [2025-10-01T12:18:08.506+0000] {dag.py:3239} INFO - Sync 1 DAGs
[2025-10-01T12:18:08.771+0000] {processor.py:208} INFO - Processing /opt/airflow/dags/device_config_dag.py took 1.863 seconds
[2025-10-01T12:18:39.649+0000] {processor.py:186} INFO - Started process (PID=121) to work on /opt/airflow/dags/device_config_dag.py
[2025-10-01T12:18:39.670+0000] {processor.py:914} INFO - Processing file /opt/airflow/dags/device_config_dag.py for tasks to queue
[2025-10-01T12:18:39.684+0000] {logging_mixin.py:190} INFO - [2025-10-01T12:18:39.682+0000] {dagbag.py:588} INFO - Filling up the DagBag from /opt/airflow/dags/device_config_dag.py
[2025-10-01T12:18:41.083+0000] {processor.py:925} INFO - DAG(s) 'device_config_pipeline' retrieved from /opt/airflow/dags/device_config_dag.py
[2025-10-01T12:18:41.184+0000] {logging_mixin.py:190} INFO - [2025-10-01T12:18:41.183+0000] {dag.py:3239} INFO - Sync 1 DAGs
[2025-10-01T12:18:41.575+0000] {processor.py:208} INFO - Processing /opt/airflow/dags/device_config_dag.py took 1.956 seconds
[2025-10-01T12:19:12.720+0000] {processor.py:186} INFO - Started process (PID=139) to work on /opt/airflow/dags/device_config_dag.py
[2025-10-01T12:19:12.723+0000] {processor.py:914} INFO - Processing file /opt/airflow/dags/device_config_dag.py for tasks to queue
[2025-10-01T12:19:12.732+0000] {logging_mixin.py:190} INFO - [2025-10-01T12:19:12.731+0000] {dagbag.py:588} INFO - Filling up the DagBag from /opt/airflow/dags/device_config_dag.py
[2025-10-01T12:19:14.278+0000] {processor.py:925} INFO - DAG(s) 'device_config_pipeline' retrieved from /opt/airflow/dags/device_config_dag.py
[2025-10-01T12:19:14.443+0000] {logging_mixin.py:190} INFO - [2025-10-01T12:19:14.441+0000] {dag.py:3239} INFO - Sync 1 DAGs
[2025-10-01T12:19:14.842+0000] {processor.py:208} INFO - Processing /opt/airflow/dags/device_config_dag.py took 2.141 seconds
[2025-10-01T12:19:45.550+0000] {processor.py:186} INFO - Started process (PID=166) to work on /opt/airflow/dags/device_config_dag.py
[2025-10-01T12:19:45.553+0000] {processor.py:914} INFO - Processing file /opt/airflow/dags/device_config_dag.py for tasks to queue
[2025-10-01T12:19:45.563+0000] {logging_mixin.py:190} INFO - [2025-10-01T12:19:45.561+0000] {dagbag.py:588} INFO - Filling up the DagBag from /opt/airflow/dags/device_config_dag.py
[2025-10-01T12:19:47.427+0000] {processor.py:925} INFO - DAG(s) 'device_config_pipeline' retrieved from /opt/airflow/dags/device_config_dag.py
[2025-10-01T12:19:47.554+0000] {logging_mixin.py:190} INFO - [2025-10-01T12:19:47.552+0000] {dag.py:3239} INFO - Sync 1 DAGs
[2025-10-01T12:19:47.707+0000] {processor.py:208} INFO - Processing /opt/airflow/dags/device_config_dag.py took 2.181 seconds
[2025-10-01T12:20:17.964+0000] {processor.py:186} INFO - Started process (PID=203) to work on /opt/airflow/dags/device_config_dag.py
[2025-10-01T12:20:17.969+0000] {processor.py:914} INFO - Processing file /opt/airflow/dags/device_config_dag.py for tasks to queue
[2025-10-01T12:20:17.981+0000] {logging_mixin.py:190} INFO - [2025-10-01T12:20:17.979+0000] {dagbag.py:588} INFO - Filling up the DagBag from /opt/airflow/dags/device_config_dag.py
[2025-10-01T12:20:19.355+0000] {processor.py:925} INFO - DAG(s) 'device_config_pipeline' retrieved from /opt/airflow/dags/device_config_dag.py
[2025-10-01T12:20:19.509+0000] {logging_mixin.py:190} INFO - [2025-10-01T12:20:19.508+0000] {dag.py:3239} INFO - Sync 1 DAGs
[2025-10-01T12:20:19.645+0000] {processor.py:208} INFO - Processing /opt/airflow/dags/device_config_dag.py took 1.709 seconds
[2025-10-01T12:20:50.155+0000] {processor.py:186} INFO - Started process (PID=213) to work on /opt/airflow/dags/device_config_dag.py
[2025-10-01T12:20:50.159+0000] {processor.py:914} INFO - Processing file /opt/airflow/dags/device_config_dag.py for tasks to queue
[2025-10-01T12:20:50.169+0000] {logging_mixin.py:190} INFO - [2025-10-01T12:20:50.167+0000] {dagbag.py:588} INFO - Filling up the DagBag from /opt/airflow/dags/device_config_dag.py
[2025-10-01T12:20:50.417+0000] {processor.py:925} INFO - DAG(s) 'device_config_pipeline' retrieved from /opt/airflow/dags/device_config_dag.py
[2025-10-01T12:20:50.487+0000] {logging_mixin.py:190} INFO - [2025-10-01T12:20:50.485+0000] {dag.py:3239} INFO - Sync 1 DAGs
[2025-10-01T12:20:50.593+0000] {processor.py:208} INFO - Processing /opt/airflow/dags/device_config_dag.py took 1.437 seconds
[2025-10-01T12:21:21.427+0000] {processor.py:186} INFO - Started process (PID=223) to work on /opt/airflow/dags/device_config_dag.py
[2025-10-01T12:21:21.431+0000] {processor.py:914} INFO - Processing file /opt/airflow/dags/device_config_dag.py for tasks to queue
[2025-10-01T12:21:21.441+0000] {logging_mixin.py:190} INFO - [2025-10-01T12:21:21.440+0000] {dagbag.py:588} INFO - Filling up the DagBag from /opt/airflow/dags/device_config_dag.py
[2025-10-01T12:21:23.978+0000] {processor.py:925} INFO - DAG(s) 'device_config_pipeline' retrieved from /opt/airflow/dags/device_config_dag.py
[2025-10-01T12:21:24.080+0000] {logging_mixin.py:190} INFO - [2025-10-01T12:21:24.079+0000] {dag.py:3239} INFO - Sync 1 DAGs
[2025-10-01T12:21:24.251+0000] {processor.py:208} INFO - Processing /opt/airflow/dags/device_config_dag.py took 2.843 seconds
[2025-10-01T12:21:54.701+0000] {processor.py:186} INFO - Started process (PID=233) to work on /opt/airflow/dags/device_config_dag.py
[2025-10-01T12:21:54.703+0000] {processor.py:914} INFO - Processing file /opt/airflow/dags/device_config_dag.py for tasks to queue
[2025-10-01T12:21:54.722+0000] {logging_mixin.py:190} INFO - [2025-10-01T12:21:54.717+0000] {dagbag.py:588} INFO - Filling up the DagBag from /opt/airflow/dags/device_config_dag.py
[2025-10-01T12:21:59.393+0000] {processor.py:925} INFO - DAG(s) 'device_config_pipeline' retrieved from /opt/airflow/dags/device_config_dag.py
[2025-10-01T12:22:00.031+0000] {logging_mixin.py:190} INFO - [2025-10-01T12:22:00.028+0000] {dag.py:3239} INFO - Sync 1 DAGs
[2025-10-01T12:22:00.792+0000] {processor.py:208} INFO - Processing /opt/airflow/dags/device_config_dag.py took 6.116 seconds
[2025-10-01T12:22:31.027+0000] {processor.py:186} INFO - Started process (PID=243) to work on /opt/airflow/dags/device_config_dag.py
[2025-10-01T12:22:31.032+0000] {processor.py:914} INFO - Processing file /opt/airflow/dags/device_config_dag.py for tasks to queue
[2025-10-01T12:22:31.037+0000] {logging_mixin.py:190} INFO - [2025-10-01T12:22:31.036+0000] {dagbag.py:588} INFO - Filling up the DagBag from /opt/airflow/dags/device_config_dag.py
[2025-10-01T12:22:32.828+0000] {processor.py:925} INFO - DAG(s) 'device_config_pipeline' retrieved from /opt/airflow/dags/device_config_dag.py
[2025-10-01T12:22:32.910+0000] {logging_mixin.py:190} INFO - [2025-10-01T12:22:32.909+0000] {dag.py:3239} INFO - Sync 1 DAGs
[2025-10-01T12:22:33.040+0000] {processor.py:208} INFO - Processing /opt/airflow/dags/device_config_dag.py took 2.796 seconds
[2025-10-01T12:23:03.285+0000] {processor.py:186} INFO - Started process (PID=253) to work on /opt/airflow/dags/device_config_dag.py
[2025-10-01T12:23:03.289+0000] {processor.py:914} INFO - Processing file /opt/airflow/dags/device_config_dag.py for tasks to queue
[2025-10-01T12:23:03.293+0000] {logging_mixin.py:190} INFO - [2025-10-01T12:23:03.292+0000] {dagbag.py:588} INFO - Filling up the DagBag from /opt/airflow/dags/device_config_dag.py
[2025-10-01T12:23:04.495+0000] {processor.py:925} INFO - DAG(s) 'device_config_pipeline' retrieved from /opt/airflow/dags/device_config_dag.py
[2025-10-01T12:23:04.587+0000] {logging_mixin.py:190} INFO - [2025-10-01T12:23:04.586+0000] {dag.py:3239} INFO - Sync 1 DAGs
[2025-10-01T12:23:04.727+0000] {processor.py:208} INFO - Processing /opt/airflow/dags/device_config_dag.py took 1.464 seconds
[2025-10-01T12:23:35.038+0000] {processor.py:186} INFO - Started process (PID=263) to work on /opt/airflow/dags/device_config_dag.py
[2025-10-01T12:23:35.042+0000] {processor.py:914} INFO - Processing file /opt/airflow/dags/device_config_dag.py for tasks to queue
[2025-10-01T12:23:35.052+0000] {logging_mixin.py:190} INFO - [2025-10-01T12:23:35.051+0000] {dagbag.py:588} INFO - Filling up the DagBag from /opt/airflow/dags/device_config_dag.py
[2025-10-01T12:23:36.232+0000] {processor.py:925} INFO - DAG(s) 'device_config_pipeline' retrieved from /opt/airflow/dags/device_config_dag.py
[2025-10-01T12:23:36.307+0000] {logging_mixin.py:190} INFO - [2025-10-01T12:23:36.306+0000] {dag.py:3239} INFO - Sync 1 DAGs
[2025-10-01T12:23:36.443+0000] {processor.py:208} INFO - Processing /opt/airflow/dags/device_config_dag.py took 1.430 seconds
[2025-10-01T12:24:06.926+0000] {processor.py:186} INFO - Started process (PID=273) to work on /opt/airflow/dags/device_config_dag.py
[2025-10-01T12:24:06.929+0000] {processor.py:914} INFO - Processing file /opt/airflow/dags/device_config_dag.py for tasks to queue
[2025-10-01T12:24:06.934+0000] {logging_mixin.py:190} INFO - [2025-10-01T12:24:06.933+0000] {dagbag.py:588} INFO - Filling up the DagBag from /opt/airflow/dags/device_config_dag.py
[2025-10-01T12:24:08.140+0000] {processor.py:925} INFO - DAG(s) 'device_config_pipeline' retrieved from /opt/airflow/dags/device_config_dag.py
[2025-10-01T12:24:08.211+0000] {logging_mixin.py:190} INFO - [2025-10-01T12:24:08.210+0000] {dag.py:3239} INFO - Sync 1 DAGs
[2025-10-01T12:24:08.309+0000] {processor.py:208} INFO - Processing /opt/airflow/dags/device_config_dag.py took 1.407 seconds
[2025-10-01T12:24:38.586+0000] {processor.py:186} INFO - Started process (PID=283) to work on /opt/airflow/dags/device_config_dag.py
[2025-10-01T12:24:38.589+0000] {processor.py:914} INFO - Processing file /opt/airflow/dags/device_config_dag.py for tasks to queue
[2025-10-01T12:24:38.593+0000] {logging_mixin.py:190} INFO - [2025-10-01T12:24:38.592+0000] {dagbag.py:588} INFO - Filling up the DagBag from /opt/airflow/dags/device_config_dag.py
[2025-10-01T12:24:39.794+0000] {processor.py:925} INFO - DAG(s) 'device_config_pipeline' retrieved from /opt/airflow/dags/device_config_dag.py
[2025-10-01T12:24:40.026+0000] {logging_mixin.py:190} INFO - [2025-10-01T12:24:40.025+0000] {dag.py:3239} INFO - Sync 1 DAGs
[2025-10-01T12:24:40.470+0000] {processor.py:208} INFO - Processing /opt/airflow/dags/device_config_dag.py took 1.905 seconds
[2025-10-01T12:25:11.319+0000] {processor.py:186} INFO - Started process (PID=293) to work on /opt/airflow/dags/device_config_dag.py
[2025-10-01T12:25:11.322+0000] {processor.py:914} INFO - Processing file /opt/airflow/dags/device_config_dag.py for tasks to queue
[2025-10-01T12:25:11.326+0000] {logging_mixin.py:190} INFO - [2025-10-01T12:25:11.325+0000] {dagbag.py:588} INFO - Filling up the DagBag from /opt/airflow/dags/device_config_dag.py
[2025-10-01T12:25:12.467+0000] {processor.py:925} INFO - DAG(s) 'device_config_pipeline' retrieved from /opt/airflow/dags/device_config_dag.py
[2025-10-01T12:25:12.599+0000] {logging_mixin.py:190} INFO - [2025-10-01T12:25:12.597+0000] {dag.py:3239} INFO - Sync 1 DAGs
[2025-10-01T12:25:12.749+0000] {processor.py:208} INFO - Processing /opt/airflow/dags/device_config_dag.py took 1.454 seconds
[2025-10-01T12:25:43.390+0000] {processor.py:186} INFO - Started process (PID=303) to work on /opt/airflow/dags/device_config_dag.py
[2025-10-01T12:25:43.394+0000] {processor.py:914} INFO - Processing file /opt/airflow/dags/device_config_dag.py for tasks to queue
[2025-10-01T12:25:43.398+0000] {logging_mixin.py:190} INFO - [2025-10-01T12:25:43.397+0000] {dagbag.py:588} INFO - Filling up the DagBag from /opt/airflow/dags/device_config_dag.py
[2025-10-01T12:25:44.724+0000] {processor.py:925} INFO - DAG(s) 'device_config_pipeline' retrieved from /opt/airflow/dags/device_config_dag.py
[2025-10-01T12:25:44.841+0000] {logging_mixin.py:190} INFO - [2025-10-01T12:25:44.840+0000] {dag.py:3239} INFO - Sync 1 DAGs
[2025-10-01T12:25:45.194+0000] {processor.py:208} INFO - Processing /opt/airflow/dags/device_config_dag.py took 1.824 seconds
[2025-10-01T12:26:15.515+0000] {processor.py:186} INFO - Started process (PID=313) to work on /opt/airflow/dags/device_config_dag.py
[2025-10-01T12:26:15.518+0000] {processor.py:914} INFO - Processing file /opt/airflow/dags/device_config_dag.py for tasks to queue
[2025-10-01T12:26:15.522+0000] {logging_mixin.py:190} INFO - [2025-10-01T12:26:15.521+0000] {dagbag.py:588} INFO - Filling up the DagBag from /opt/airflow/dags/device_config_dag.py
[2025-10-01T12:26:16.655+0000] {processor.py:925} INFO - DAG(s) 'device_config_pipeline' retrieved from /opt/airflow/dags/device_config_dag.py
[2025-10-01T12:26:16.759+0000] {logging_mixin.py:190} INFO - [2025-10-01T12:26:16.756+0000] {dag.py:3239} INFO - Sync 1 DAGs
[2025-10-01T12:26:17.351+0000] {processor.py:208} INFO - Processing /opt/airflow/dags/device_config_dag.py took 1.855 seconds
[2025-10-01T12:26:48.487+0000] {processor.py:186} INFO - Started process (PID=324) to work on /opt/airflow/dags/device_config_dag.py
[2025-10-01T12:26:48.491+0000] {processor.py:914} INFO - Processing file /opt/airflow/dags/device_config_dag.py for tasks to queue
[2025-10-01T12:26:48.495+0000] {logging_mixin.py:190} INFO - [2025-10-01T12:26:48.494+0000] {dagbag.py:588} INFO - Filling up the DagBag from /opt/airflow/dags/device_config_dag.py
[2025-10-01T12:26:49.661+0000] {processor.py:925} INFO - DAG(s) 'device_config_pipeline' retrieved from /opt/airflow/dags/device_config_dag.py
[2025-10-01T12:26:49.733+0000] {logging_mixin.py:190} INFO - [2025-10-01T12:26:49.732+0000] {dag.py:3239} INFO - Sync 1 DAGs
[2025-10-01T12:26:50.250+0000] {processor.py:208} INFO - Processing /opt/airflow/dags/device_config_dag.py took 1.784 seconds
[2025-10-01T12:27:20.805+0000] {processor.py:186} INFO - Started process (PID=334) to work on /opt/airflow/dags/device_config_dag.py
[2025-10-01T12:27:20.828+0000] {processor.py:914} INFO - Processing file /opt/airflow/dags/device_config_dag.py for tasks to queue
[2025-10-01T12:27:20.890+0000] {logging_mixin.py:190} INFO - [2025-10-01T12:27:20.852+0000] {dagbag.py:588} INFO - Filling up the DagBag from /opt/airflow/dags/device_config_dag.py
[2025-10-01T12:27:24.347+0000] {processor.py:925} INFO - DAG(s) 'device_config_pipeline' retrieved from /opt/airflow/dags/device_config_dag.py
[2025-10-01T12:27:24.673+0000] {logging_mixin.py:190} INFO - [2025-10-01T12:27:24.672+0000] {dag.py:3239} INFO - Sync 1 DAGs
[2025-10-01T12:27:24.854+0000] {processor.py:208} INFO - Processing /opt/airflow/dags/device_config_dag.py took 4.391 seconds
[2025-10-01T12:27:55.328+0000] {processor.py:186} INFO - Started process (PID=344) to work on /opt/airflow/dags/device_config_dag.py
[2025-10-01T12:27:55.332+0000] {processor.py:914} INFO - Processing file /opt/airflow/dags/device_config_dag.py for tasks to queue
[2025-10-01T12:27:55.338+0000] {logging_mixin.py:190} INFO - [2025-10-01T12:27:55.337+0000] {dagbag.py:588} INFO - Filling up the DagBag from /opt/airflow/dags/device_config_dag.py
[2025-10-01T12:27:56.744+0000] {processor.py:925} INFO - DAG(s) 'device_config_pipeline' retrieved from /opt/airflow/dags/device_config_dag.py
[2025-10-01T12:27:56.817+0000] {logging_mixin.py:190} INFO - [2025-10-01T12:27:56.816+0000] {dag.py:3239} INFO - Sync 1 DAGs
[2025-10-01T12:27:56.924+0000] {processor.py:208} INFO - Processing /opt/airflow/dags/device_config_dag.py took 1.623 seconds
[2025-10-01T12:28:27.220+0000] {processor.py:186} INFO - Started process (PID=354) to work on /opt/airflow/dags/device_config_dag.py
[2025-10-01T12:28:27.224+0000] {processor.py:914} INFO - Processing file /opt/airflow/dags/device_config_dag.py for tasks to queue
[2025-10-01T12:28:27.229+0000] {logging_mixin.py:190} INFO - [2025-10-01T12:28:27.228+0000] {dagbag.py:588} INFO - Filling up the DagBag from /opt/airflow/dags/device_config_dag.py
[2025-10-01T12:28:28.581+0000] {processor.py:925} INFO - DAG(s) 'device_config_pipeline' retrieved from /opt/airflow/dags/device_config_dag.py
[2025-10-01T12:28:28.652+0000] {logging_mixin.py:190} INFO - [2025-10-01T12:28:28.651+0000] {dag.py:3239} INFO - Sync 1 DAGs
[2025-10-01T12:28:28.827+0000] {processor.py:208} INFO - Processing /opt/airflow/dags/device_config_dag.py took 1.630 seconds
[2025-10-01T12:28:59.048+0000] {processor.py:186} INFO - Started process (PID=364) to work on /opt/airflow/dags/device_config_dag.py
[2025-10-01T12:28:59.051+0000] {processor.py:914} INFO - Processing file /opt/airflow/dags/device_config_dag.py for tasks to queue
[2025-10-01T12:28:59.056+0000] {logging_mixin.py:190} INFO - [2025-10-01T12:28:59.055+0000] {dagbag.py:588} INFO - Filling up the DagBag from /opt/airflow/dags/device_config_dag.py
[2025-10-01T12:29:00.265+0000] {processor.py:925} INFO - DAG(s) 'device_config_pipeline' retrieved from /opt/airflow/dags/device_config_dag.py
[2025-10-01T12:29:00.400+0000] {logging_mixin.py:190} INFO - [2025-10-01T12:29:00.399+0000] {dag.py:3239} INFO - Sync 1 DAGs
[2025-10-01T12:29:00.559+0000] {processor.py:208} INFO - Processing /opt/airflow/dags/device_config_dag.py took 1.534 seconds
[2025-10-01T12:29:30.917+0000] {processor.py:186} INFO - Started process (PID=374) to work on /opt/airflow/dags/device_config_dag.py
[2025-10-01T12:29:30.921+0000] {processor.py:914} INFO - Processing file /opt/airflow/dags/device_config_dag.py for tasks to queue
[2025-10-01T12:29:30.925+0000] {logging_mixin.py:190} INFO - [2025-10-01T12:29:30.924+0000] {dagbag.py:588} INFO - Filling up the DagBag from /opt/airflow/dags/device_config_dag.py
[2025-10-01T12:29:32.081+0000] {processor.py:925} INFO - DAG(s) 'device_config_pipeline' retrieved from /opt/airflow/dags/device_config_dag.py
[2025-10-01T12:29:32.146+0000] {logging_mixin.py:190} INFO - [2025-10-01T12:29:32.145+0000] {dag.py:3239} INFO - Sync 1 DAGs
[2025-10-01T12:29:32.291+0000] {processor.py:208} INFO - Processing /opt/airflow/dags/device_config_dag.py took 1.398 seconds
[2025-10-01T12:30:02.478+0000] {processor.py:186} INFO - Started process (PID=384) to work on /opt/airflow/dags/device_config_dag.py
[2025-10-01T12:30:02.481+0000] {processor.py:914} INFO - Processing file /opt/airflow/dags/device_config_dag.py for tasks to queue
[2025-10-01T12:30:02.487+0000] {logging_mixin.py:190} INFO - [2025-10-01T12:30:02.485+0000] {dagbag.py:588} INFO - Filling up the DagBag from /opt/airflow/dags/device_config_dag.py
[2025-10-01T12:30:03.759+0000] {processor.py:925} INFO - DAG(s) 'device_config_pipeline' retrieved from /opt/airflow/dags/device_config_dag.py
[2025-10-01T12:30:03.838+0000] {logging_mixin.py:190} INFO - [2025-10-01T12:30:03.836+0000] {dag.py:3239} INFO - Sync 1 DAGs
[2025-10-01T12:30:03.953+0000] {processor.py:208} INFO - Processing /opt/airflow/dags/device_config_dag.py took 1.499 seconds
[2025-10-01T12:30:34.866+0000] {processor.py:186} INFO - Started process (PID=394) to work on /opt/airflow/dags/device_config_dag.py
[2025-10-01T12:30:34.870+0000] {processor.py:914} INFO - Processing file /opt/airflow/dags/device_config_dag.py for tasks to queue
[2025-10-01T12:30:34.877+0000] {logging_mixin.py:190} INFO - [2025-10-01T12:30:34.875+0000] {dagbag.py:588} INFO - Filling up the DagBag from /opt/airflow/dags/device_config_dag.py
[2025-10-01T12:30:36.001+0000] {processor.py:925} INFO - DAG(s) 'device_config_pipeline' retrieved from /opt/airflow/dags/device_config_dag.py
[2025-10-01T12:30:36.069+0000] {logging_mixin.py:190} INFO - [2025-10-01T12:30:36.068+0000] {dag.py:3239} INFO - Sync 1 DAGs
[2025-10-01T12:30:36.203+0000] {processor.py:208} INFO - Processing /opt/airflow/dags/device_config_dag.py took 1.362 seconds
[2025-10-01T12:31:06.727+0000] {processor.py:186} INFO - Started process (PID=404) to work on /opt/airflow/dags/device_config_dag.py
[2025-10-01T12:31:06.731+0000] {processor.py:914} INFO - Processing file /opt/airflow/dags/device_config_dag.py for tasks to queue
[2025-10-01T12:31:06.738+0000] {logging_mixin.py:190} INFO - [2025-10-01T12:31:06.737+0000] {dagbag.py:588} INFO - Filling up the DagBag from /opt/airflow/dags/device_config_dag.py
[2025-10-01T12:31:07.874+0000] {processor.py:925} INFO - DAG(s) 'device_config_pipeline' retrieved from /opt/airflow/dags/device_config_dag.py
[2025-10-01T12:31:07.974+0000] {logging_mixin.py:190} INFO - [2025-10-01T12:31:07.973+0000] {dag.py:3239} INFO - Sync 1 DAGs
[2025-10-01T12:31:08.081+0000] {processor.py:208} INFO - Processing /opt/airflow/dags/device_config_dag.py took 1.374 seconds
[2025-10-01T12:31:38.940+0000] {processor.py:186} INFO - Started process (PID=414) to work on /opt/airflow/dags/device_config_dag.py
[2025-10-01T12:31:38.944+0000] {processor.py:914} INFO - Processing file /opt/airflow/dags/device_config_dag.py for tasks to queue
[2025-10-01T12:31:38.950+0000] {logging_mixin.py:190} INFO - [2025-10-01T12:31:38.948+0000] {dagbag.py:588} INFO - Filling up the DagBag from /opt/airflow/dags/device_config_dag.py
[2025-10-01T12:31:40.118+0000] {processor.py:925} INFO - DAG(s) 'device_config_pipeline' retrieved from /opt/airflow/dags/device_config_dag.py
[2025-10-01T12:31:40.186+0000] {logging_mixin.py:190} INFO - [2025-10-01T12:31:40.184+0000] {dag.py:3239} INFO - Sync 1 DAGs
[2025-10-01T12:31:40.308+0000] {processor.py:208} INFO - Processing /opt/airflow/dags/device_config_dag.py took 1.397 seconds
[2025-10-01T12:32:10.951+0000] {processor.py:186} INFO - Started process (PID=424) to work on /opt/airflow/dags/device_config_dag.py
[2025-10-01T12:32:10.967+0000] {processor.py:914} INFO - Processing file /opt/airflow/dags/device_config_dag.py for tasks to queue
[2025-10-01T12:32:10.990+0000] {logging_mixin.py:190} INFO - [2025-10-01T12:32:10.982+0000] {dagbag.py:588} INFO - Filling up the DagBag from /opt/airflow/dags/device_config_dag.py
[2025-10-01T12:32:13.005+0000] {processor.py:925} INFO - DAG(s) 'device_config_pipeline' retrieved from /opt/airflow/dags/device_config_dag.py
[2025-10-01T12:32:13.114+0000] {logging_mixin.py:190} INFO - [2025-10-01T12:32:13.112+0000] {dag.py:3239} INFO - Sync 1 DAGs
[2025-10-01T12:32:13.350+0000] {processor.py:208} INFO - Processing /opt/airflow/dags/device_config_dag.py took 2.491 seconds
[2025-10-01T12:32:44.551+0000] {processor.py:186} INFO - Started process (PID=434) to work on /opt/airflow/dags/device_config_dag.py
[2025-10-01T12:32:44.561+0000] {processor.py:914} INFO - Processing file /opt/airflow/dags/device_config_dag.py for tasks to queue
[2025-10-01T12:32:44.600+0000] {logging_mixin.py:190} INFO - [2025-10-01T12:32:44.591+0000] {dagbag.py:588} INFO - Filling up the DagBag from /opt/airflow/dags/device_config_dag.py
[2025-10-01T12:32:45.551+0000] {processor.py:925} INFO - DAG(s) 'device_config_pipeline' retrieved from /opt/airflow/dags/device_config_dag.py
[2025-10-01T12:32:45.639+0000] {logging_mixin.py:190} INFO - [2025-10-01T12:32:45.638+0000] {dag.py:3239} INFO - Sync 1 DAGs
[2025-10-01T12:32:45.747+0000] {processor.py:208} INFO - Processing /opt/airflow/dags/device_config_dag.py took 2.231 seconds
[2025-10-01T12:33:15.954+0000] {processor.py:186} INFO - Started process (PID=444) to work on /opt/airflow/dags/device_config_dag.py
[2025-10-01T12:33:15.957+0000] {processor.py:914} INFO - Processing file /opt/airflow/dags/device_config_dag.py for tasks to queue
[2025-10-01T12:33:15.962+0000] {logging_mixin.py:190} INFO - [2025-10-01T12:33:15.961+0000] {dagbag.py:588} INFO - Filling up the DagBag from /opt/airflow/dags/device_config_dag.py
[2025-10-01T12:33:17.134+0000] {processor.py:925} INFO - DAG(s) 'device_config_pipeline' retrieved from /opt/airflow/dags/device_config_dag.py
[2025-10-01T12:33:17.204+0000] {logging_mixin.py:190} INFO - [2025-10-01T12:33:17.203+0000] {dag.py:3239} INFO - Sync 1 DAGs
[2025-10-01T12:33:17.285+0000] {logging_mixin.py:190} INFO - [2025-10-01T12:33:17.283+0000] {dag.py:4180} INFO - Setting next_dagrun for device_config_pipeline to 2024-01-13 18:30:00+00:00, run_after=2024-01-20 18:30:00+00:00
[2025-10-01T12:33:17.341+0000] {processor.py:208} INFO - Processing /opt/airflow/dags/device_config_dag.py took 1.408 seconds
[2025-10-01T12:33:48.141+0000] {processor.py:186} INFO - Started process (PID=454) to work on /opt/airflow/dags/device_config_dag.py
[2025-10-01T12:33:48.145+0000] {processor.py:914} INFO - Processing file /opt/airflow/dags/device_config_dag.py for tasks to queue
[2025-10-01T12:33:48.151+0000] {logging_mixin.py:190} INFO - [2025-10-01T12:33:48.149+0000] {dagbag.py:588} INFO - Filling up the DagBag from /opt/airflow/dags/device_config_dag.py
[2025-10-01T12:33:49.351+0000] {processor.py:925} INFO - DAG(s) 'device_config_pipeline' retrieved from /opt/airflow/dags/device_config_dag.py
[2025-10-01T12:33:49.415+0000] {logging_mixin.py:190} INFO - [2025-10-01T12:33:49.415+0000] {dag.py:3239} INFO - Sync 1 DAGs
[2025-10-01T12:33:49.530+0000] {processor.py:208} INFO - Processing /opt/airflow/dags/device_config_dag.py took 1.421 seconds
[2025-10-01T12:34:20.083+0000] {processor.py:186} INFO - Started process (PID=464) to work on /opt/airflow/dags/device_config_dag.py
[2025-10-01T12:34:20.087+0000] {processor.py:914} INFO - Processing file /opt/airflow/dags/device_config_dag.py for tasks to queue
[2025-10-01T12:34:20.092+0000] {logging_mixin.py:190} INFO - [2025-10-01T12:34:20.091+0000] {dagbag.py:588} INFO - Filling up the DagBag from /opt/airflow/dags/device_config_dag.py
[2025-10-01T12:34:21.287+0000] {processor.py:925} INFO - DAG(s) 'device_config_pipeline' retrieved from /opt/airflow/dags/device_config_dag.py
[2025-10-01T12:34:21.363+0000] {logging_mixin.py:190} INFO - [2025-10-01T12:34:21.362+0000] {dag.py:3239} INFO - Sync 1 DAGs
[2025-10-01T12:34:21.501+0000] {processor.py:208} INFO - Processing /opt/airflow/dags/device_config_dag.py took 1.439 seconds
[2025-10-01T12:34:52.132+0000] {processor.py:186} INFO - Started process (PID=474) to work on /opt/airflow/dags/device_config_dag.py
[2025-10-01T12:34:52.139+0000] {processor.py:914} INFO - Processing file /opt/airflow/dags/device_config_dag.py for tasks to queue
[2025-10-01T12:34:52.144+0000] {logging_mixin.py:190} INFO - [2025-10-01T12:34:52.143+0000] {dagbag.py:588} INFO - Filling up the DagBag from /opt/airflow/dags/device_config_dag.py
[2025-10-01T12:34:53.369+0000] {processor.py:925} INFO - DAG(s) 'device_config_pipeline' retrieved from /opt/airflow/dags/device_config_dag.py
[2025-10-01T12:34:53.451+0000] {logging_mixin.py:190} INFO - [2025-10-01T12:34:53.450+0000] {dag.py:3239} INFO - Sync 1 DAGs
[2025-10-01T12:34:53.573+0000] {processor.py:208} INFO - Processing /opt/airflow/dags/device_config_dag.py took 1.464 seconds
[2025-10-01T12:35:24.376+0000] {processor.py:186} INFO - Started process (PID=484) to work on /opt/airflow/dags/device_config_dag.py
[2025-10-01T12:35:24.380+0000] {processor.py:914} INFO - Processing file /opt/airflow/dags/device_config_dag.py for tasks to queue
[2025-10-01T12:35:24.385+0000] {logging_mixin.py:190} INFO - [2025-10-01T12:35:24.384+0000] {dagbag.py:588} INFO - Filling up the DagBag from /opt/airflow/dags/device_config_dag.py
[2025-10-01T12:35:25.738+0000] {processor.py:925} INFO - DAG(s) 'device_config_pipeline' retrieved from /opt/airflow/dags/device_config_dag.py
[2025-10-01T12:35:25.832+0000] {logging_mixin.py:190} INFO - [2025-10-01T12:35:25.831+0000] {dag.py:3239} INFO - Sync 1 DAGs
[2025-10-01T12:35:26.025+0000] {processor.py:208} INFO - Processing /opt/airflow/dags/device_config_dag.py took 1.678 seconds
[2025-10-01T12:35:56.187+0000] {processor.py:186} INFO - Started process (PID=494) to work on /opt/airflow/dags/device_config_dag.py
[2025-10-01T12:35:56.190+0000] {processor.py:914} INFO - Processing file /opt/airflow/dags/device_config_dag.py for tasks to queue
[2025-10-01T12:35:56.193+0000] {logging_mixin.py:190} INFO - [2025-10-01T12:35:56.192+0000] {dagbag.py:588} INFO - Filling up the DagBag from /opt/airflow/dags/device_config_dag.py
[2025-10-01T12:35:56.764+0000] {processor.py:925} INFO - DAG(s) 'device_config_pipeline' retrieved from /opt/airflow/dags/device_config_dag.py
[2025-10-01T12:35:56.809+0000] {logging_mixin.py:190} INFO - [2025-10-01T12:35:56.808+0000] {dag.py:3239} INFO - Sync 1 DAGs
[2025-10-01T12:35:56.981+0000] {processor.py:208} INFO - Processing /opt/airflow/dags/device_config_dag.py took 0.808 seconds
[2025-10-01T12:36:27.913+0000] {processor.py:186} INFO - Started process (PID=504) to work on /opt/airflow/dags/device_config_dag.py
[2025-10-01T12:36:27.917+0000] {processor.py:914} INFO - Processing file /opt/airflow/dags/device_config_dag.py for tasks to queue
[2025-10-01T12:36:27.919+0000] {logging_mixin.py:190} INFO - [2025-10-01T12:36:27.918+0000] {dagbag.py:588} INFO - Filling up the DagBag from /opt/airflow/dags/device_config_dag.py
[2025-10-01T12:36:28.645+0000] {processor.py:925} INFO - DAG(s) 'device_config_pipeline' retrieved from /opt/airflow/dags/device_config_dag.py
[2025-10-01T12:36:28.784+0000] {logging_mixin.py:190} INFO - [2025-10-01T12:36:28.782+0000] {dag.py:3239} INFO - Sync 1 DAGs
[2025-10-01T12:36:28.884+0000] {processor.py:208} INFO - Processing /opt/airflow/dags/device_config_dag.py took 0.980 seconds
[2025-10-01T12:36:59.540+0000] {processor.py:186} INFO - Started process (PID=514) to work on /opt/airflow/dags/device_config_dag.py
[2025-10-01T12:36:59.543+0000] {processor.py:914} INFO - Processing file /opt/airflow/dags/device_config_dag.py for tasks to queue
[2025-10-01T12:36:59.545+0000] {logging_mixin.py:190} INFO - [2025-10-01T12:36:59.545+0000] {dagbag.py:588} INFO - Filling up the DagBag from /opt/airflow/dags/device_config_dag.py
[2025-10-01T12:37:00.070+0000] {processor.py:925} INFO - DAG(s) 'device_config_pipeline' retrieved from /opt/airflow/dags/device_config_dag.py
[2025-10-01T12:37:00.111+0000] {logging_mixin.py:190} INFO - [2025-10-01T12:37:00.110+0000] {dag.py:3239} INFO - Sync 1 DAGs
[2025-10-01T12:37:00.171+0000] {processor.py:208} INFO - Processing /opt/airflow/dags/device_config_dag.py took 0.644 seconds
[2025-10-01T12:37:30.745+0000] {processor.py:186} INFO - Started process (PID=524) to work on /opt/airflow/dags/device_config_dag.py
[2025-10-01T12:37:30.747+0000] {processor.py:914} INFO - Processing file /opt/airflow/dags/device_config_dag.py for tasks to queue
[2025-10-01T12:37:30.749+0000] {logging_mixin.py:190} INFO - [2025-10-01T12:37:30.749+0000] {dagbag.py:588} INFO - Filling up the DagBag from /opt/airflow/dags/device_config_dag.py
[2025-10-01T12:37:31.296+0000] {processor.py:925} INFO - DAG(s) 'device_config_pipeline' retrieved from /opt/airflow/dags/device_config_dag.py
[2025-10-01T12:37:31.503+0000] {logging_mixin.py:190} INFO - [2025-10-01T12:37:31.501+0000] {dag.py:3239} INFO - Sync 1 DAGs
[2025-10-01T12:37:31.675+0000] {processor.py:208} INFO - Processing /opt/airflow/dags/device_config_dag.py took 0.943 seconds
[2025-10-01T12:38:02.354+0000] {processor.py:186} INFO - Started process (PID=535) to work on /opt/airflow/dags/device_config_dag.py
[2025-10-01T12:38:02.355+0000] {processor.py:914} INFO - Processing file /opt/airflow/dags/device_config_dag.py for tasks to queue
[2025-10-01T12:38:02.358+0000] {logging_mixin.py:190} INFO - [2025-10-01T12:38:02.357+0000] {dagbag.py:588} INFO - Filling up the DagBag from /opt/airflow/dags/device_config_dag.py
[2025-10-01T12:38:02.897+0000] {processor.py:925} INFO - DAG(s) 'device_config_pipeline' retrieved from /opt/airflow/dags/device_config_dag.py
[2025-10-01T12:38:02.935+0000] {logging_mixin.py:190} INFO - [2025-10-01T12:38:02.935+0000] {dag.py:3239} INFO - Sync 1 DAGs
[2025-10-01T12:38:03.088+0000] {processor.py:208} INFO - Processing /opt/airflow/dags/device_config_dag.py took 0.745 seconds
[2025-10-01T12:38:33.728+0000] {processor.py:186} INFO - Started process (PID=545) to work on /opt/airflow/dags/device_config_dag.py
[2025-10-01T12:38:33.731+0000] {processor.py:914} INFO - Processing file /opt/airflow/dags/device_config_dag.py for tasks to queue
[2025-10-01T12:38:33.737+0000] {logging_mixin.py:190} INFO - [2025-10-01T12:38:33.736+0000] {dagbag.py:588} INFO - Filling up the DagBag from /opt/airflow/dags/device_config_dag.py
[2025-10-01T12:38:34.416+0000] {processor.py:925} INFO - DAG(s) 'device_config_pipeline' retrieved from /opt/airflow/dags/device_config_dag.py
[2025-10-01T12:38:34.459+0000] {logging_mixin.py:190} INFO - [2025-10-01T12:38:34.458+0000] {dag.py:3239} INFO - Sync 1 DAGs
[2025-10-01T12:38:34.520+0000] {processor.py:208} INFO - Processing /opt/airflow/dags/device_config_dag.py took 0.807 seconds
[2025-10-01T12:39:05.290+0000] {processor.py:186} INFO - Started process (PID=555) to work on /opt/airflow/dags/device_config_dag.py
[2025-10-01T12:39:05.292+0000] {processor.py:914} INFO - Processing file /opt/airflow/dags/device_config_dag.py for tasks to queue
[2025-10-01T12:39:05.294+0000] {logging_mixin.py:190} INFO - [2025-10-01T12:39:05.294+0000] {dagbag.py:588} INFO - Filling up the DagBag from /opt/airflow/dags/device_config_dag.py
[2025-10-01T12:39:05.808+0000] {processor.py:925} INFO - DAG(s) 'device_config_pipeline' retrieved from /opt/airflow/dags/device_config_dag.py
[2025-10-01T12:39:05.844+0000] {logging_mixin.py:190} INFO - [2025-10-01T12:39:05.843+0000] {dag.py:3239} INFO - Sync 1 DAGs
[2025-10-01T12:39:05.902+0000] {processor.py:208} INFO - Processing /opt/airflow/dags/device_config_dag.py took 0.624 seconds
[2025-10-01T12:39:36.616+0000] {processor.py:186} INFO - Started process (PID=565) to work on /opt/airflow/dags/device_config_dag.py
[2025-10-01T12:39:36.619+0000] {processor.py:914} INFO - Processing file /opt/airflow/dags/device_config_dag.py for tasks to queue
[2025-10-01T12:39:36.623+0000] {logging_mixin.py:190} INFO - [2025-10-01T12:39:36.622+0000] {dagbag.py:588} INFO - Filling up the DagBag from /opt/airflow/dags/device_config_dag.py
[2025-10-01T12:39:37.521+0000] {processor.py:925} INFO - DAG(s) 'device_config_pipeline' retrieved from /opt/airflow/dags/device_config_dag.py
[2025-10-01T12:39:37.592+0000] {logging_mixin.py:190} INFO - [2025-10-01T12:39:37.590+0000] {dag.py:3239} INFO - Sync 1 DAGs
[2025-10-01T12:39:37.692+0000] {processor.py:208} INFO - Processing /opt/airflow/dags/device_config_dag.py took 1.093 seconds
[2025-10-01T12:40:08.315+0000] {processor.py:186} INFO - Started process (PID=575) to work on /opt/airflow/dags/device_config_dag.py
[2025-10-01T12:40:08.317+0000] {processor.py:914} INFO - Processing file /opt/airflow/dags/device_config_dag.py for tasks to queue
[2025-10-01T12:40:08.320+0000] {logging_mixin.py:190} INFO - [2025-10-01T12:40:08.319+0000] {dagbag.py:588} INFO - Filling up the DagBag from /opt/airflow/dags/device_config_dag.py
[2025-10-01T12:40:08.929+0000] {processor.py:925} INFO - DAG(s) 'device_config_pipeline' retrieved from /opt/airflow/dags/device_config_dag.py
[2025-10-01T12:40:08.977+0000] {logging_mixin.py:190} INFO - [2025-10-01T12:40:08.976+0000] {dag.py:3239} INFO - Sync 1 DAGs
[2025-10-01T12:40:09.149+0000] {processor.py:208} INFO - Processing /opt/airflow/dags/device_config_dag.py took 0.846 seconds
[2025-10-01T12:40:40.092+0000] {processor.py:186} INFO - Started process (PID=585) to work on /opt/airflow/dags/device_config_dag.py
[2025-10-01T12:40:40.098+0000] {processor.py:914} INFO - Processing file /opt/airflow/dags/device_config_dag.py for tasks to queue
[2025-10-01T12:40:40.102+0000] {logging_mixin.py:190} INFO - [2025-10-01T12:40:40.101+0000] {dagbag.py:588} INFO - Filling up the DagBag from /opt/airflow/dags/device_config_dag.py
[2025-10-01T12:40:41.344+0000] {processor.py:925} INFO - DAG(s) 'device_config_pipeline' retrieved from /opt/airflow/dags/device_config_dag.py
[2025-10-01T12:40:41.435+0000] {logging_mixin.py:190} INFO - [2025-10-01T12:40:41.434+0000] {dag.py:3239} INFO - Sync 1 DAGs
[2025-10-01T12:40:41.677+0000] {processor.py:208} INFO - Processing /opt/airflow/dags/device_config_dag.py took 1.603 seconds
[2025-10-01T12:41:12.329+0000] {processor.py:186} INFO - Started process (PID=595) to work on /opt/airflow/dags/device_config_dag.py
[2025-10-01T12:41:12.332+0000] {processor.py:914} INFO - Processing file /opt/airflow/dags/device_config_dag.py for tasks to queue
[2025-10-01T12:41:12.335+0000] {logging_mixin.py:190} INFO - [2025-10-01T12:41:12.334+0000] {dagbag.py:588} INFO - Filling up the DagBag from /opt/airflow/dags/device_config_dag.py
[2025-10-01T12:41:12.935+0000] {processor.py:925} INFO - DAG(s) 'device_config_pipeline' retrieved from /opt/airflow/dags/device_config_dag.py
[2025-10-01T12:41:12.992+0000] {logging_mixin.py:190} INFO - [2025-10-01T12:41:12.991+0000] {dag.py:3239} INFO - Sync 1 DAGs
[2025-10-01T12:41:13.047+0000] {processor.py:208} INFO - Processing /opt/airflow/dags/device_config_dag.py took 0.732 seconds
[2025-10-01T12:41:43.794+0000] {processor.py:186} INFO - Started process (PID=605) to work on /opt/airflow/dags/device_config_dag.py
[2025-10-01T12:41:43.796+0000] {processor.py:914} INFO - Processing file /opt/airflow/dags/device_config_dag.py for tasks to queue
[2025-10-01T12:41:43.799+0000] {logging_mixin.py:190} INFO - [2025-10-01T12:41:43.798+0000] {dagbag.py:588} INFO - Filling up the DagBag from /opt/airflow/dags/device_config_dag.py
[2025-10-01T12:41:44.571+0000] {processor.py:925} INFO - DAG(s) 'device_config_pipeline' retrieved from /opt/airflow/dags/device_config_dag.py
[2025-10-01T12:41:44.641+0000] {logging_mixin.py:190} INFO - [2025-10-01T12:41:44.640+0000] {dag.py:3239} INFO - Sync 1 DAGs
[2025-10-01T12:41:44.726+0000] {processor.py:208} INFO - Processing /opt/airflow/dags/device_config_dag.py took 0.943 seconds
[2025-10-01T12:42:15.386+0000] {processor.py:186} INFO - Started process (PID=615) to work on /opt/airflow/dags/device_config_dag.py
[2025-10-01T12:42:15.388+0000] {processor.py:914} INFO - Processing file /opt/airflow/dags/device_config_dag.py for tasks to queue
[2025-10-01T12:42:15.393+0000] {logging_mixin.py:190} INFO - [2025-10-01T12:42:15.390+0000] {dagbag.py:588} INFO - Filling up the DagBag from /opt/airflow/dags/device_config_dag.py
[2025-10-01T12:42:15.972+0000] {processor.py:925} INFO - DAG(s) 'device_config_pipeline' retrieved from /opt/airflow/dags/device_config_dag.py
[2025-10-01T12:42:16.009+0000] {logging_mixin.py:190} INFO - [2025-10-01T12:42:16.008+0000] {dag.py:3239} INFO - Sync 1 DAGs
[2025-10-01T12:42:16.070+0000] {processor.py:208} INFO - Processing /opt/airflow/dags/device_config_dag.py took 0.694 seconds
[2025-10-01T12:42:46.722+0000] {processor.py:186} INFO - Started process (PID=625) to work on /opt/airflow/dags/device_config_dag.py
[2025-10-01T12:42:46.724+0000] {processor.py:914} INFO - Processing file /opt/airflow/dags/device_config_dag.py for tasks to queue
[2025-10-01T12:42:46.726+0000] {logging_mixin.py:190} INFO - [2025-10-01T12:42:46.725+0000] {dagbag.py:588} INFO - Filling up the DagBag from /opt/airflow/dags/device_config_dag.py
[2025-10-01T12:42:47.248+0000] {processor.py:925} INFO - DAG(s) 'device_config_pipeline' retrieved from /opt/airflow/dags/device_config_dag.py
[2025-10-01T12:42:47.284+0000] {logging_mixin.py:190} INFO - [2025-10-01T12:42:47.283+0000] {dag.py:3239} INFO - Sync 1 DAGs
[2025-10-01T12:42:47.342+0000] {processor.py:208} INFO - Processing /opt/airflow/dags/device_config_dag.py took 0.633 seconds
[2025-10-01T12:43:17.934+0000] {processor.py:186} INFO - Started process (PID=635) to work on /opt/airflow/dags/device_config_dag.py
[2025-10-01T12:43:17.936+0000] {processor.py:914} INFO - Processing file /opt/airflow/dags/device_config_dag.py for tasks to queue
[2025-10-01T12:43:17.939+0000] {logging_mixin.py:190} INFO - [2025-10-01T12:43:17.938+0000] {dagbag.py:588} INFO - Filling up the DagBag from /opt/airflow/dags/device_config_dag.py
[2025-10-01T12:43:18.482+0000] {processor.py:925} INFO - DAG(s) 'device_config_pipeline' retrieved from /opt/airflow/dags/device_config_dag.py
[2025-10-01T12:43:18.526+0000] {logging_mixin.py:190} INFO - [2025-10-01T12:43:18.525+0000] {dag.py:3239} INFO - Sync 1 DAGs
[2025-10-01T12:43:18.591+0000] {processor.py:208} INFO - Processing /opt/airflow/dags/device_config_dag.py took 0.672 seconds
[2025-10-01T12:43:48.780+0000] {processor.py:186} INFO - Started process (PID=645) to work on /opt/airflow/dags/device_config_dag.py
[2025-10-01T12:43:48.783+0000] {processor.py:914} INFO - Processing file /opt/airflow/dags/device_config_dag.py for tasks to queue
[2025-10-01T12:43:48.785+0000] {logging_mixin.py:190} INFO - [2025-10-01T12:43:48.785+0000] {dagbag.py:588} INFO - Filling up the DagBag from /opt/airflow/dags/device_config_dag.py
[2025-10-01T12:43:49.594+0000] {processor.py:925} INFO - DAG(s) 'device_config_pipeline' retrieved from /opt/airflow/dags/device_config_dag.py
[2025-10-01T12:43:49.633+0000] {logging_mixin.py:190} INFO - [2025-10-01T12:43:49.633+0000] {dag.py:3239} INFO - Sync 1 DAGs
[2025-10-01T12:43:49.698+0000] {processor.py:208} INFO - Processing /opt/airflow/dags/device_config_dag.py took 0.929 seconds
[2025-10-01T12:44:20.138+0000] {processor.py:186} INFO - Started process (PID=655) to work on /opt/airflow/dags/device_config_dag.py
[2025-10-01T12:44:20.140+0000] {processor.py:914} INFO - Processing file /opt/airflow/dags/device_config_dag.py for tasks to queue
[2025-10-01T12:44:20.143+0000] {logging_mixin.py:190} INFO - [2025-10-01T12:44:20.142+0000] {dagbag.py:588} INFO - Filling up the DagBag from /opt/airflow/dags/device_config_dag.py
[2025-10-01T12:44:20.693+0000] {processor.py:925} INFO - DAG(s) 'device_config_pipeline' retrieved from /opt/airflow/dags/device_config_dag.py
[2025-10-01T12:44:20.730+0000] {logging_mixin.py:190} INFO - [2025-10-01T12:44:20.730+0000] {dag.py:3239} INFO - Sync 1 DAGs
[2025-10-01T12:44:20.784+0000] {processor.py:208} INFO - Processing /opt/airflow/dags/device_config_dag.py took 0.656 seconds
[2025-10-01T12:44:51.304+0000] {processor.py:186} INFO - Started process (PID=665) to work on /opt/airflow/dags/device_config_dag.py
[2025-10-01T12:44:51.306+0000] {processor.py:914} INFO - Processing file /opt/airflow/dags/device_config_dag.py for tasks to queue
[2025-10-01T12:44:51.310+0000] {logging_mixin.py:190} INFO - [2025-10-01T12:44:51.308+0000] {dagbag.py:588} INFO - Filling up the DagBag from /opt/airflow/dags/device_config_dag.py
[2025-10-01T12:44:51.854+0000] {processor.py:925} INFO - DAG(s) 'device_config_pipeline' retrieved from /opt/airflow/dags/device_config_dag.py
[2025-10-01T12:44:51.891+0000] {logging_mixin.py:190} INFO - [2025-10-01T12:44:51.891+0000] {dag.py:3239} INFO - Sync 1 DAGs
[2025-10-01T12:44:51.944+0000] {processor.py:208} INFO - Processing /opt/airflow/dags/device_config_dag.py took 0.652 seconds
[2025-10-01T14:23:32.066+0000] {processor.py:186} INFO - Started process (PID=675) to work on /opt/airflow/dags/device_config_dag.py
[2025-10-01T14:23:32.115+0000] {processor.py:914} INFO - Processing file /opt/airflow/dags/device_config_dag.py for tasks to queue
[2025-10-01T14:23:32.270+0000] {logging_mixin.py:190} INFO - [2025-10-01T14:23:32.184+0000] {dagbag.py:588} INFO - Filling up the DagBag from /opt/airflow/dags/device_config_dag.py
