[2025-10-02T11:36:46.073+0000] {local_task_job_runner.py:123} INFO - ::group::Pre task execution logs
[2025-10-02T11:36:46.103+0000] {taskinstance.py:2613} INFO - Dependencies all met for dep_context=non-requeueable deps ti=<TaskInstance: core_telemetry_pipeline.ingest_telemetry scheduled__2024-01-01T13:30:00+00:00 [queued]>
[2025-10-02T11:36:46.120+0000] {taskinstance.py:2613} INFO - Dependencies all met for dep_context=requeueable deps ti=<TaskInstance: core_telemetry_pipeline.ingest_telemetry scheduled__2024-01-01T13:30:00+00:00 [queued]>
[2025-10-02T11:36:46.122+0000] {taskinstance.py:2866} INFO - Starting attempt 3 of 4
[2025-10-02T11:36:47.588+0000] {taskinstance.py:2889} INFO - Executing <Task(_PythonDecoratedOperator): ingest_telemetry> on 2024-01-01 13:30:00+00:00
[2025-10-02T11:36:47.646+0000] {warnings.py:112} WARNING - /home/***/.local/lib/python3.12/site-packages/***/task/task_runner/standard_task_runner.py:70: DeprecationWarning: This process (pid=1829) is multi-threaded, use of fork() may lead to deadlocks in the child.
  pid = os.fork()

[2025-10-02T11:36:47.661+0000] {standard_task_runner.py:72} INFO - Started process 1838 to run task
[2025-10-02T11:36:47.658+0000] {standard_task_runner.py:104} INFO - Running: ['***', 'tasks', 'run', 'core_telemetry_pipeline', 'ingest_telemetry', 'scheduled__2024-01-01T13:30:00+00:00', '--job-id', '180', '--raw', '--subdir', 'DAGS_FOLDER/telemetry_processing_dag.py', '--cfg-path', '/tmp/tmpzjf7ce8z']
[2025-10-02T11:36:47.675+0000] {standard_task_runner.py:105} INFO - Job 180: Subtask ingest_telemetry
[2025-10-02T11:36:47.983+0000] {task_command.py:467} INFO - Running <TaskInstance: core_telemetry_pipeline.ingest_telemetry scheduled__2024-01-01T13:30:00+00:00 [running]> on host 159b3d08f393
[2025-10-02T11:36:48.363+0000] {taskinstance.py:3132} INFO - Exporting env vars: AIRFLOW_CTX_DAG_OWNER='data-engineering' AIRFLOW_CTX_DAG_ID='core_telemetry_pipeline' AIRFLOW_CTX_TASK_ID='ingest_telemetry' AIRFLOW_CTX_EXECUTION_DATE='2024-01-01T13:30:00+00:00' AIRFLOW_CTX_TRY_NUMBER='3' AIRFLOW_CTX_DAG_RUN_ID='scheduled__2024-01-01T13:30:00+00:00'
[2025-10-02T11:36:48.369+0000] {taskinstance.py:731} INFO - ::endgroup::
[2025-10-02T11:36:48.504+0000] {taskinstance.py:3311} ERROR - Task failed with exception
Traceback (most recent call last):
  File "/home/airflow/.local/lib/python3.12/site-packages/airflow/models/taskinstance.py", line 767, in _execute_task
    result = _execute_callable(context=context, **execute_callable_kwargs)
             ^^^^^^^^^^^^^^^^^^^^^^^^^^^^^^^^^^^^^^^^^^^^^^^^^^^^^^^^^^^^^
  File "/home/airflow/.local/lib/python3.12/site-packages/airflow/models/taskinstance.py", line 733, in _execute_callable
    return ExecutionCallableRunner(
           ^^^^^^^^^^^^^^^^^^^^^^^^
  File "/home/airflow/.local/lib/python3.12/site-packages/airflow/utils/operator_helpers.py", line 252, in run
    return self.func(*args, **kwargs)
           ^^^^^^^^^^^^^^^^^^^^^^^^^^
  File "/home/airflow/.local/lib/python3.12/site-packages/airflow/models/baseoperator.py", line 422, in wrapper
    return func(self, *args, **kwargs)
           ^^^^^^^^^^^^^^^^^^^^^^^^^^^
  File "/home/airflow/.local/lib/python3.12/site-packages/airflow/decorators/base.py", line 266, in execute
    return_value = super().execute(context)
                   ^^^^^^^^^^^^^^^^^^^^^^^^
  File "/home/airflow/.local/lib/python3.12/site-packages/airflow/models/baseoperator.py", line 422, in wrapper
    return func(self, *args, **kwargs)
           ^^^^^^^^^^^^^^^^^^^^^^^^^^^
  File "/home/airflow/.local/lib/python3.12/site-packages/airflow/operators/python.py", line 238, in execute
    return_value = self.execute_callable()
                   ^^^^^^^^^^^^^^^^^^^^^^^
  File "/home/airflow/.local/lib/python3.12/site-packages/airflow/operators/python.py", line 256, in execute_callable
    return runner.run(*self.op_args, **self.op_kwargs)
           ^^^^^^^^^^^^^^^^^^^^^^^^^^^^^^^^^^^^^^^^^^^
  File "/home/airflow/.local/lib/python3.12/site-packages/airflow/utils/operator_helpers.py", line 252, in run
    return self.func(*args, **kwargs)
           ^^^^^^^^^^^^^^^^^^^^^^^^^^
  File "/opt/airflow/dags/telemetry_processing_dag.py", line 39, in ingest_telemetry
    ingestion = Ingestion()
                ^^^^^^^^^^^
  File "/opt/airflow/dags/tasks/ingest.py", line 34, in __init__
    self.con = duckdb.connect(self.duckdb_path) if self.duckdb_path else duckdb.connect()
               ^^^^^^^^^^^^^^^^^^^^^^^^^^^^^^^^
_duckdb.IOException: IO Error: Cannot open file "/data/metadata/pipeline.duckdb": No such file or directory
[2025-10-02T11:36:48.574+0000] {taskinstance.py:1225} INFO - Marking task as UP_FOR_RETRY. dag_id=core_telemetry_pipeline, task_id=ingest_telemetry, run_id=scheduled__2024-01-01T13:30:00+00:00, execution_date=20240101T133000, start_date=20251002T113646, end_date=20251002T113648
[2025-10-02T11:36:48.642+0000] {taskinstance.py:340} INFO - ::group::Post task execution logs
[2025-10-02T11:36:48.644+0000] {standard_task_runner.py:124} ERROR - Failed to execute job 180 for task ingest_telemetry (IO Error: Cannot open file "/data/metadata/pipeline.duckdb": No such file or directory; 1838)
Traceback (most recent call last):
  File "/home/airflow/.local/lib/python3.12/site-packages/airflow/task/task_runner/standard_task_runner.py", line 117, in _start_by_fork
    ret = args.func(args, dag=self.dag)
          ^^^^^^^^^^^^^^^^^^^^^^^^^^^^^
  File "/home/airflow/.local/lib/python3.12/site-packages/airflow/cli/cli_config.py", line 49, in command
    return func(*args, **kwargs)
           ^^^^^^^^^^^^^^^^^^^^^
  File "/home/airflow/.local/lib/python3.12/site-packages/airflow/utils/cli.py", line 116, in wrapper
    return f(*args, **kwargs)
           ^^^^^^^^^^^^^^^^^^
  File "/home/airflow/.local/lib/python3.12/site-packages/airflow/cli/commands/task_command.py", line 483, in task_run
    task_return_code = _run_task_by_selected_method(args, _dag, ti)
                       ^^^^^^^^^^^^^^^^^^^^^^^^^^^^^^^^^^^^^^^^^^^^
  File "/home/airflow/.local/lib/python3.12/site-packages/airflow/cli/commands/task_command.py", line 256, in _run_task_by_selected_method
    return _run_raw_task(args, ti)
           ^^^^^^^^^^^^^^^^^^^^^^^
  File "/home/airflow/.local/lib/python3.12/site-packages/airflow/cli/commands/task_command.py", line 341, in _run_raw_task
    return ti._run_raw_task(
           ^^^^^^^^^^^^^^^^^
  File "/home/airflow/.local/lib/python3.12/site-packages/airflow/utils/session.py", line 97, in wrapper
    return func(*args, session=session, **kwargs)
           ^^^^^^^^^^^^^^^^^^^^^^^^^^^^^^^^^^^^^^
  File "/home/airflow/.local/lib/python3.12/site-packages/airflow/models/taskinstance.py", line 3005, in _run_raw_task
    return _run_raw_task(
           ^^^^^^^^^^^^^^
  File "/home/airflow/.local/lib/python3.12/site-packages/airflow/models/taskinstance.py", line 273, in _run_raw_task
    TaskInstance._execute_task_with_callbacks(
  File "/home/airflow/.local/lib/python3.12/site-packages/airflow/models/taskinstance.py", line 3159, in _execute_task_with_callbacks
    result = self._execute_task(context, task_orig)
             ^^^^^^^^^^^^^^^^^^^^^^^^^^^^^^^^^^^^^^
  File "/home/airflow/.local/lib/python3.12/site-packages/airflow/models/taskinstance.py", line 3183, in _execute_task
    return _execute_task(self, context, task_orig)
           ^^^^^^^^^^^^^^^^^^^^^^^^^^^^^^^^^^^^^^^
  File "/home/airflow/.local/lib/python3.12/site-packages/airflow/models/taskinstance.py", line 767, in _execute_task
    result = _execute_callable(context=context, **execute_callable_kwargs)
             ^^^^^^^^^^^^^^^^^^^^^^^^^^^^^^^^^^^^^^^^^^^^^^^^^^^^^^^^^^^^^
  File "/home/airflow/.local/lib/python3.12/site-packages/airflow/models/taskinstance.py", line 733, in _execute_callable
    return ExecutionCallableRunner(
           ^^^^^^^^^^^^^^^^^^^^^^^^
  File "/home/airflow/.local/lib/python3.12/site-packages/airflow/utils/operator_helpers.py", line 252, in run
    return self.func(*args, **kwargs)
           ^^^^^^^^^^^^^^^^^^^^^^^^^^
  File "/home/airflow/.local/lib/python3.12/site-packages/airflow/models/baseoperator.py", line 422, in wrapper
    return func(self, *args, **kwargs)
           ^^^^^^^^^^^^^^^^^^^^^^^^^^^
  File "/home/airflow/.local/lib/python3.12/site-packages/airflow/decorators/base.py", line 266, in execute
    return_value = super().execute(context)
                   ^^^^^^^^^^^^^^^^^^^^^^^^
  File "/home/airflow/.local/lib/python3.12/site-packages/airflow/models/baseoperator.py", line 422, in wrapper
    return func(self, *args, **kwargs)
           ^^^^^^^^^^^^^^^^^^^^^^^^^^^
  File "/home/airflow/.local/lib/python3.12/site-packages/airflow/operators/python.py", line 238, in execute
    return_value = self.execute_callable()
                   ^^^^^^^^^^^^^^^^^^^^^^^
  File "/home/airflow/.local/lib/python3.12/site-packages/airflow/operators/python.py", line 256, in execute_callable
    return runner.run(*self.op_args, **self.op_kwargs)
           ^^^^^^^^^^^^^^^^^^^^^^^^^^^^^^^^^^^^^^^^^^^
  File "/home/airflow/.local/lib/python3.12/site-packages/airflow/utils/operator_helpers.py", line 252, in run
    return self.func(*args, **kwargs)
           ^^^^^^^^^^^^^^^^^^^^^^^^^^
  File "/opt/airflow/dags/telemetry_processing_dag.py", line 39, in ingest_telemetry
    ingestion = Ingestion()
                ^^^^^^^^^^^
  File "/opt/airflow/dags/tasks/ingest.py", line 34, in __init__
    self.con = duckdb.connect(self.duckdb_path) if self.duckdb_path else duckdb.connect()
               ^^^^^^^^^^^^^^^^^^^^^^^^^^^^^^^^
_duckdb.IOException: IO Error: Cannot open file "/data/metadata/pipeline.duckdb": No such file or directory
[2025-10-02T11:36:48.713+0000] {local_task_job_runner.py:266} INFO - Task exited with return code 1
[2025-10-02T11:36:48.756+0000] {taskinstance.py:3895} INFO - 0 downstream tasks scheduled from follow-on schedule check
[2025-10-02T11:36:48.761+0000] {local_task_job_runner.py:245} INFO - ::endgroup::
