[2025-10-05T00:00:27.662+0000] {processor.py:186} INFO - Started process (PID=1113) to work on /opt/airflow/dags/tasks/ingest.py
[2025-10-05T00:00:27.665+0000] {processor.py:914} INFO - Processing file /opt/airflow/dags/tasks/ingest.py for tasks to queue
[2025-10-05T00:00:27.668+0000] {logging_mixin.py:190} INFO - [2025-10-05T00:00:27.667+0000] {dagbag.py:588} INFO - Filling up the DagBag from /opt/airflow/dags/tasks/ingest.py
[2025-10-05T00:00:28.501+0000] {processor.py:927} WARNING - No viable dags retrieved from /opt/airflow/dags/tasks/ingest.py
[2025-10-05T00:00:28.541+0000] {processor.py:208} INFO - Processing /opt/airflow/dags/tasks/ingest.py took 0.898 seconds
[2025-10-05T00:00:59.214+0000] {processor.py:186} INFO - Started process (PID=1140) to work on /opt/airflow/dags/tasks/ingest.py
[2025-10-05T00:00:59.216+0000] {processor.py:914} INFO - Processing file /opt/airflow/dags/tasks/ingest.py for tasks to queue
[2025-10-05T00:00:59.221+0000] {logging_mixin.py:190} INFO - [2025-10-05T00:00:59.220+0000] {dagbag.py:588} INFO - Filling up the DagBag from /opt/airflow/dags/tasks/ingest.py
[2025-10-05T00:01:00.604+0000] {processor.py:927} WARNING - No viable dags retrieved from /opt/airflow/dags/tasks/ingest.py
[2025-10-05T00:01:00.732+0000] {processor.py:208} INFO - Processing /opt/airflow/dags/tasks/ingest.py took 1.536 seconds
[2025-10-05T00:01:30.970+0000] {processor.py:186} INFO - Started process (PID=1167) to work on /opt/airflow/dags/tasks/ingest.py
[2025-10-05T00:01:30.972+0000] {processor.py:914} INFO - Processing file /opt/airflow/dags/tasks/ingest.py for tasks to queue
[2025-10-05T00:01:30.976+0000] {logging_mixin.py:190} INFO - [2025-10-05T00:01:30.975+0000] {dagbag.py:588} INFO - Filling up the DagBag from /opt/airflow/dags/tasks/ingest.py
[2025-10-05T00:01:32.027+0000] {processor.py:927} WARNING - No viable dags retrieved from /opt/airflow/dags/tasks/ingest.py
[2025-10-05T00:01:32.067+0000] {processor.py:208} INFO - Processing /opt/airflow/dags/tasks/ingest.py took 1.116 seconds
[2025-10-05T00:02:02.209+0000] {processor.py:186} INFO - Started process (PID=1194) to work on /opt/airflow/dags/tasks/ingest.py
[2025-10-05T00:02:02.212+0000] {processor.py:914} INFO - Processing file /opt/airflow/dags/tasks/ingest.py for tasks to queue
[2025-10-05T00:02:02.217+0000] {logging_mixin.py:190} INFO - [2025-10-05T00:02:02.216+0000] {dagbag.py:588} INFO - Filling up the DagBag from /opt/airflow/dags/tasks/ingest.py
[2025-10-05T00:02:03.165+0000] {processor.py:927} WARNING - No viable dags retrieved from /opt/airflow/dags/tasks/ingest.py
[2025-10-05T00:02:03.217+0000] {processor.py:208} INFO - Processing /opt/airflow/dags/tasks/ingest.py took 1.024 seconds
[2025-10-05T00:02:33.360+0000] {processor.py:186} INFO - Started process (PID=1221) to work on /opt/airflow/dags/tasks/ingest.py
[2025-10-05T00:02:33.363+0000] {processor.py:914} INFO - Processing file /opt/airflow/dags/tasks/ingest.py for tasks to queue
[2025-10-05T00:02:33.367+0000] {logging_mixin.py:190} INFO - [2025-10-05T00:02:33.366+0000] {dagbag.py:588} INFO - Filling up the DagBag from /opt/airflow/dags/tasks/ingest.py
[2025-10-05T00:02:34.143+0000] {processor.py:927} WARNING - No viable dags retrieved from /opt/airflow/dags/tasks/ingest.py
[2025-10-05T00:02:34.173+0000] {processor.py:208} INFO - Processing /opt/airflow/dags/tasks/ingest.py took 0.828 seconds
[2025-10-05T00:03:04.633+0000] {processor.py:186} INFO - Started process (PID=1248) to work on /opt/airflow/dags/tasks/ingest.py
[2025-10-05T00:03:04.643+0000] {processor.py:914} INFO - Processing file /opt/airflow/dags/tasks/ingest.py for tasks to queue
[2025-10-05T00:03:04.646+0000] {logging_mixin.py:190} INFO - [2025-10-05T00:03:04.646+0000] {dagbag.py:588} INFO - Filling up the DagBag from /opt/airflow/dags/tasks/ingest.py
[2025-10-05T00:03:05.523+0000] {processor.py:927} WARNING - No viable dags retrieved from /opt/airflow/dags/tasks/ingest.py
[2025-10-05T00:03:05.550+0000] {processor.py:208} INFO - Processing /opt/airflow/dags/tasks/ingest.py took 0.936 seconds
[2025-10-05T00:03:36.698+0000] {processor.py:186} INFO - Started process (PID=1275) to work on /opt/airflow/dags/tasks/ingest.py
[2025-10-05T00:03:36.701+0000] {processor.py:914} INFO - Processing file /opt/airflow/dags/tasks/ingest.py for tasks to queue
[2025-10-05T00:03:36.706+0000] {logging_mixin.py:190} INFO - [2025-10-05T00:03:36.704+0000] {dagbag.py:588} INFO - Filling up the DagBag from /opt/airflow/dags/tasks/ingest.py
[2025-10-05T00:03:37.425+0000] {processor.py:927} WARNING - No viable dags retrieved from /opt/airflow/dags/tasks/ingest.py
[2025-10-05T00:03:37.458+0000] {processor.py:208} INFO - Processing /opt/airflow/dags/tasks/ingest.py took 0.778 seconds
[2025-10-05T00:04:08.098+0000] {processor.py:186} INFO - Started process (PID=1302) to work on /opt/airflow/dags/tasks/ingest.py
[2025-10-05T00:04:08.101+0000] {processor.py:914} INFO - Processing file /opt/airflow/dags/tasks/ingest.py for tasks to queue
[2025-10-05T00:04:08.106+0000] {logging_mixin.py:190} INFO - [2025-10-05T00:04:08.104+0000] {dagbag.py:588} INFO - Filling up the DagBag from /opt/airflow/dags/tasks/ingest.py
[2025-10-05T00:04:08.878+0000] {processor.py:927} WARNING - No viable dags retrieved from /opt/airflow/dags/tasks/ingest.py
[2025-10-05T00:04:08.910+0000] {processor.py:208} INFO - Processing /opt/airflow/dags/tasks/ingest.py took 0.831 seconds
[2025-10-05T00:04:39.813+0000] {processor.py:186} INFO - Started process (PID=1329) to work on /opt/airflow/dags/tasks/ingest.py
[2025-10-05T00:04:39.815+0000] {processor.py:914} INFO - Processing file /opt/airflow/dags/tasks/ingest.py for tasks to queue
[2025-10-05T00:04:39.818+0000] {logging_mixin.py:190} INFO - [2025-10-05T00:04:39.817+0000] {dagbag.py:588} INFO - Filling up the DagBag from /opt/airflow/dags/tasks/ingest.py
[2025-10-05T00:04:40.513+0000] {processor.py:927} WARNING - No viable dags retrieved from /opt/airflow/dags/tasks/ingest.py
[2025-10-05T00:04:40.545+0000] {processor.py:208} INFO - Processing /opt/airflow/dags/tasks/ingest.py took 0.746 seconds
[2025-10-05T00:05:10.870+0000] {processor.py:186} INFO - Started process (PID=1356) to work on /opt/airflow/dags/tasks/ingest.py
[2025-10-05T00:05:10.874+0000] {processor.py:914} INFO - Processing file /opt/airflow/dags/tasks/ingest.py for tasks to queue
[2025-10-05T00:05:10.879+0000] {logging_mixin.py:190} INFO - [2025-10-05T00:05:10.877+0000] {dagbag.py:588} INFO - Filling up the DagBag from /opt/airflow/dags/tasks/ingest.py
[2025-10-05T00:05:11.606+0000] {processor.py:927} WARNING - No viable dags retrieved from /opt/airflow/dags/tasks/ingest.py
[2025-10-05T00:05:11.638+0000] {processor.py:208} INFO - Processing /opt/airflow/dags/tasks/ingest.py took 0.787 seconds
[2025-10-05T00:05:42.034+0000] {processor.py:186} INFO - Started process (PID=1383) to work on /opt/airflow/dags/tasks/ingest.py
[2025-10-05T00:05:42.038+0000] {processor.py:914} INFO - Processing file /opt/airflow/dags/tasks/ingest.py for tasks to queue
[2025-10-05T00:05:42.042+0000] {logging_mixin.py:190} INFO - [2025-10-05T00:05:42.041+0000] {dagbag.py:588} INFO - Filling up the DagBag from /opt/airflow/dags/tasks/ingest.py
[2025-10-05T00:05:42.825+0000] {processor.py:927} WARNING - No viable dags retrieved from /opt/airflow/dags/tasks/ingest.py
[2025-10-05T00:05:42.869+0000] {processor.py:208} INFO - Processing /opt/airflow/dags/tasks/ingest.py took 0.852 seconds
[2025-10-05T00:06:13.244+0000] {processor.py:186} INFO - Started process (PID=1410) to work on /opt/airflow/dags/tasks/ingest.py
[2025-10-05T00:06:13.247+0000] {processor.py:914} INFO - Processing file /opt/airflow/dags/tasks/ingest.py for tasks to queue
[2025-10-05T00:06:13.251+0000] {logging_mixin.py:190} INFO - [2025-10-05T00:06:13.250+0000] {dagbag.py:588} INFO - Filling up the DagBag from /opt/airflow/dags/tasks/ingest.py
[2025-10-05T00:06:13.977+0000] {processor.py:927} WARNING - No viable dags retrieved from /opt/airflow/dags/tasks/ingest.py
[2025-10-05T00:06:14.013+0000] {processor.py:208} INFO - Processing /opt/airflow/dags/tasks/ingest.py took 0.791 seconds
[2025-10-05T00:06:44.548+0000] {processor.py:186} INFO - Started process (PID=1437) to work on /opt/airflow/dags/tasks/ingest.py
[2025-10-05T00:06:44.555+0000] {processor.py:914} INFO - Processing file /opt/airflow/dags/tasks/ingest.py for tasks to queue
[2025-10-05T00:06:44.564+0000] {logging_mixin.py:190} INFO - [2025-10-05T00:06:44.562+0000] {dagbag.py:588} INFO - Filling up the DagBag from /opt/airflow/dags/tasks/ingest.py
[2025-10-05T00:06:45.892+0000] {processor.py:927} WARNING - No viable dags retrieved from /opt/airflow/dags/tasks/ingest.py
[2025-10-05T00:06:45.924+0000] {processor.py:208} INFO - Processing /opt/airflow/dags/tasks/ingest.py took 1.418 seconds
[2025-10-05T00:07:16.875+0000] {processor.py:186} INFO - Started process (PID=1464) to work on /opt/airflow/dags/tasks/ingest.py
[2025-10-05T00:07:16.878+0000] {processor.py:914} INFO - Processing file /opt/airflow/dags/tasks/ingest.py for tasks to queue
[2025-10-05T00:07:16.881+0000] {logging_mixin.py:190} INFO - [2025-10-05T00:07:16.881+0000] {dagbag.py:588} INFO - Filling up the DagBag from /opt/airflow/dags/tasks/ingest.py
[2025-10-05T00:07:17.699+0000] {processor.py:927} WARNING - No viable dags retrieved from /opt/airflow/dags/tasks/ingest.py
[2025-10-05T00:07:17.746+0000] {processor.py:208} INFO - Processing /opt/airflow/dags/tasks/ingest.py took 0.887 seconds
[2025-10-05T00:07:48.227+0000] {processor.py:186} INFO - Started process (PID=1491) to work on /opt/airflow/dags/tasks/ingest.py
[2025-10-05T00:07:48.257+0000] {processor.py:914} INFO - Processing file /opt/airflow/dags/tasks/ingest.py for tasks to queue
[2025-10-05T00:07:48.262+0000] {logging_mixin.py:190} INFO - [2025-10-05T00:07:48.261+0000] {dagbag.py:588} INFO - Filling up the DagBag from /opt/airflow/dags/tasks/ingest.py
[2025-10-05T00:07:49.027+0000] {processor.py:927} WARNING - No viable dags retrieved from /opt/airflow/dags/tasks/ingest.py
[2025-10-05T00:07:49.058+0000] {processor.py:208} INFO - Processing /opt/airflow/dags/tasks/ingest.py took 0.939 seconds
[2025-10-05T00:08:19.554+0000] {processor.py:186} INFO - Started process (PID=1518) to work on /opt/airflow/dags/tasks/ingest.py
[2025-10-05T00:08:19.557+0000] {processor.py:914} INFO - Processing file /opt/airflow/dags/tasks/ingest.py for tasks to queue
[2025-10-05T00:08:19.562+0000] {logging_mixin.py:190} INFO - [2025-10-05T00:08:19.561+0000] {dagbag.py:588} INFO - Filling up the DagBag from /opt/airflow/dags/tasks/ingest.py
[2025-10-05T00:08:20.139+0000] {processor.py:927} WARNING - No viable dags retrieved from /opt/airflow/dags/tasks/ingest.py
[2025-10-05T00:08:20.173+0000] {processor.py:208} INFO - Processing /opt/airflow/dags/tasks/ingest.py took 1.154 seconds
[2025-10-05T00:08:50.490+0000] {processor.py:186} INFO - Started process (PID=1545) to work on /opt/airflow/dags/tasks/ingest.py
[2025-10-05T00:08:50.493+0000] {processor.py:914} INFO - Processing file /opt/airflow/dags/tasks/ingest.py for tasks to queue
[2025-10-05T00:08:50.497+0000] {logging_mixin.py:190} INFO - [2025-10-05T00:08:50.496+0000] {dagbag.py:588} INFO - Filling up the DagBag from /opt/airflow/dags/tasks/ingest.py
[2025-10-05T00:08:51.312+0000] {processor.py:927} WARNING - No viable dags retrieved from /opt/airflow/dags/tasks/ingest.py
[2025-10-05T00:08:51.349+0000] {processor.py:208} INFO - Processing /opt/airflow/dags/tasks/ingest.py took 0.875 seconds
[2025-10-05T00:09:21.506+0000] {processor.py:186} INFO - Started process (PID=1572) to work on /opt/airflow/dags/tasks/ingest.py
[2025-10-05T00:09:21.509+0000] {processor.py:914} INFO - Processing file /opt/airflow/dags/tasks/ingest.py for tasks to queue
[2025-10-05T00:09:21.513+0000] {logging_mixin.py:190} INFO - [2025-10-05T00:09:21.512+0000] {dagbag.py:588} INFO - Filling up the DagBag from /opt/airflow/dags/tasks/ingest.py
[2025-10-05T00:09:22.382+0000] {processor.py:927} WARNING - No viable dags retrieved from /opt/airflow/dags/tasks/ingest.py
[2025-10-05T00:09:22.409+0000] {processor.py:208} INFO - Processing /opt/airflow/dags/tasks/ingest.py took 0.922 seconds
[2025-10-05T00:09:52.661+0000] {processor.py:186} INFO - Started process (PID=1599) to work on /opt/airflow/dags/tasks/ingest.py
[2025-10-05T00:09:52.665+0000] {processor.py:914} INFO - Processing file /opt/airflow/dags/tasks/ingest.py for tasks to queue
[2025-10-05T00:09:52.669+0000] {logging_mixin.py:190} INFO - [2025-10-05T00:09:52.668+0000] {dagbag.py:588} INFO - Filling up the DagBag from /opt/airflow/dags/tasks/ingest.py
[2025-10-05T00:09:53.718+0000] {processor.py:927} WARNING - No viable dags retrieved from /opt/airflow/dags/tasks/ingest.py
[2025-10-05T00:09:53.753+0000] {processor.py:208} INFO - Processing /opt/airflow/dags/tasks/ingest.py took 1.121 seconds
[2025-10-05T00:10:24.409+0000] {processor.py:186} INFO - Started process (PID=1626) to work on /opt/airflow/dags/tasks/ingest.py
[2025-10-05T00:10:24.416+0000] {processor.py:914} INFO - Processing file /opt/airflow/dags/tasks/ingest.py for tasks to queue
[2025-10-05T00:10:24.426+0000] {logging_mixin.py:190} INFO - [2025-10-05T00:10:24.422+0000] {dagbag.py:588} INFO - Filling up the DagBag from /opt/airflow/dags/tasks/ingest.py
[2025-10-05T00:10:25.583+0000] {processor.py:927} WARNING - No viable dags retrieved from /opt/airflow/dags/tasks/ingest.py
[2025-10-05T00:10:25.622+0000] {processor.py:208} INFO - Processing /opt/airflow/dags/tasks/ingest.py took 1.238 seconds
[2025-10-05T00:10:56.580+0000] {processor.py:186} INFO - Started process (PID=1653) to work on /opt/airflow/dags/tasks/ingest.py
[2025-10-05T00:10:56.583+0000] {processor.py:914} INFO - Processing file /opt/airflow/dags/tasks/ingest.py for tasks to queue
[2025-10-05T00:10:56.586+0000] {logging_mixin.py:190} INFO - [2025-10-05T00:10:56.585+0000] {dagbag.py:588} INFO - Filling up the DagBag from /opt/airflow/dags/tasks/ingest.py
[2025-10-05T00:10:57.486+0000] {processor.py:927} WARNING - No viable dags retrieved from /opt/airflow/dags/tasks/ingest.py
[2025-10-05T00:10:57.518+0000] {processor.py:208} INFO - Processing /opt/airflow/dags/tasks/ingest.py took 0.956 seconds
[2025-10-05T00:11:28.111+0000] {processor.py:186} INFO - Started process (PID=1680) to work on /opt/airflow/dags/tasks/ingest.py
[2025-10-05T00:11:28.114+0000] {processor.py:914} INFO - Processing file /opt/airflow/dags/tasks/ingest.py for tasks to queue
[2025-10-05T00:11:28.119+0000] {logging_mixin.py:190} INFO - [2025-10-05T00:11:28.118+0000] {dagbag.py:588} INFO - Filling up the DagBag from /opt/airflow/dags/tasks/ingest.py
[2025-10-05T00:11:28.763+0000] {processor.py:927} WARNING - No viable dags retrieved from /opt/airflow/dags/tasks/ingest.py
[2025-10-05T00:11:28.789+0000] {processor.py:208} INFO - Processing /opt/airflow/dags/tasks/ingest.py took 0.697 seconds
[2025-10-05T00:11:59.291+0000] {processor.py:186} INFO - Started process (PID=1707) to work on /opt/airflow/dags/tasks/ingest.py
[2025-10-05T00:11:59.293+0000] {processor.py:914} INFO - Processing file /opt/airflow/dags/tasks/ingest.py for tasks to queue
[2025-10-05T00:11:59.297+0000] {logging_mixin.py:190} INFO - [2025-10-05T00:11:59.296+0000] {dagbag.py:588} INFO - Filling up the DagBag from /opt/airflow/dags/tasks/ingest.py
[2025-10-05T00:12:00.120+0000] {processor.py:927} WARNING - No viable dags retrieved from /opt/airflow/dags/tasks/ingest.py
[2025-10-05T00:12:00.166+0000] {processor.py:208} INFO - Processing /opt/airflow/dags/tasks/ingest.py took 0.890 seconds
[2025-10-05T00:12:31.054+0000] {processor.py:186} INFO - Started process (PID=1734) to work on /opt/airflow/dags/tasks/ingest.py
[2025-10-05T00:12:31.058+0000] {processor.py:914} INFO - Processing file /opt/airflow/dags/tasks/ingest.py for tasks to queue
[2025-10-05T00:12:31.063+0000] {logging_mixin.py:190} INFO - [2025-10-05T00:12:31.062+0000] {dagbag.py:588} INFO - Filling up the DagBag from /opt/airflow/dags/tasks/ingest.py
[2025-10-05T00:12:31.811+0000] {processor.py:927} WARNING - No viable dags retrieved from /opt/airflow/dags/tasks/ingest.py
[2025-10-05T00:12:31.836+0000] {processor.py:208} INFO - Processing /opt/airflow/dags/tasks/ingest.py took 0.803 seconds
[2025-10-05T00:13:02.445+0000] {processor.py:186} INFO - Started process (PID=1761) to work on /opt/airflow/dags/tasks/ingest.py
[2025-10-05T00:13:02.448+0000] {processor.py:914} INFO - Processing file /opt/airflow/dags/tasks/ingest.py for tasks to queue
[2025-10-05T00:13:02.452+0000] {logging_mixin.py:190} INFO - [2025-10-05T00:13:02.451+0000] {dagbag.py:588} INFO - Filling up the DagBag from /opt/airflow/dags/tasks/ingest.py
[2025-10-05T00:13:01.995+0000] {processor.py:927} WARNING - No viable dags retrieved from /opt/airflow/dags/tasks/ingest.py
[2025-10-05T00:13:02.025+0000] {processor.py:208} INFO - Processing /opt/airflow/dags/tasks/ingest.py took 0.796 seconds
[2025-10-05T00:13:33.125+0000] {processor.py:186} INFO - Started process (PID=1788) to work on /opt/airflow/dags/tasks/ingest.py
[2025-10-05T00:13:33.127+0000] {processor.py:914} INFO - Processing file /opt/airflow/dags/tasks/ingest.py for tasks to queue
[2025-10-05T00:13:33.129+0000] {logging_mixin.py:190} INFO - [2025-10-05T00:13:33.129+0000] {dagbag.py:588} INFO - Filling up the DagBag from /opt/airflow/dags/tasks/ingest.py
[2025-10-05T00:13:33.918+0000] {processor.py:927} WARNING - No viable dags retrieved from /opt/airflow/dags/tasks/ingest.py
[2025-10-05T00:13:33.948+0000] {processor.py:208} INFO - Processing /opt/airflow/dags/tasks/ingest.py took 0.837 seconds
[2025-10-05T00:14:04.414+0000] {processor.py:186} INFO - Started process (PID=1815) to work on /opt/airflow/dags/tasks/ingest.py
[2025-10-05T00:14:04.423+0000] {processor.py:914} INFO - Processing file /opt/airflow/dags/tasks/ingest.py for tasks to queue
[2025-10-05T00:14:04.434+0000] {logging_mixin.py:190} INFO - [2025-10-05T00:14:04.432+0000] {dagbag.py:588} INFO - Filling up the DagBag from /opt/airflow/dags/tasks/ingest.py
[2025-10-05T00:14:05.276+0000] {processor.py:927} WARNING - No viable dags retrieved from /opt/airflow/dags/tasks/ingest.py
[2025-10-05T00:14:05.305+0000] {processor.py:208} INFO - Processing /opt/airflow/dags/tasks/ingest.py took 0.917 seconds
[2025-10-05T00:14:35.492+0000] {processor.py:186} INFO - Started process (PID=1842) to work on /opt/airflow/dags/tasks/ingest.py
[2025-10-05T00:14:35.495+0000] {processor.py:914} INFO - Processing file /opt/airflow/dags/tasks/ingest.py for tasks to queue
[2025-10-05T00:14:35.498+0000] {logging_mixin.py:190} INFO - [2025-10-05T00:14:35.498+0000] {dagbag.py:588} INFO - Filling up the DagBag from /opt/airflow/dags/tasks/ingest.py
[2025-10-05T00:14:36.234+0000] {processor.py:927} WARNING - No viable dags retrieved from /opt/airflow/dags/tasks/ingest.py
[2025-10-05T00:14:36.260+0000] {processor.py:208} INFO - Processing /opt/airflow/dags/tasks/ingest.py took 0.786 seconds
[2025-10-05T00:15:06.596+0000] {processor.py:186} INFO - Started process (PID=1869) to work on /opt/airflow/dags/tasks/ingest.py
[2025-10-05T00:15:06.600+0000] {processor.py:914} INFO - Processing file /opt/airflow/dags/tasks/ingest.py for tasks to queue
[2025-10-05T00:15:06.605+0000] {logging_mixin.py:190} INFO - [2025-10-05T00:15:06.604+0000] {dagbag.py:588} INFO - Filling up the DagBag from /opt/airflow/dags/tasks/ingest.py
[2025-10-05T00:15:07.757+0000] {processor.py:927} WARNING - No viable dags retrieved from /opt/airflow/dags/tasks/ingest.py
[2025-10-05T00:15:07.859+0000] {processor.py:208} INFO - Processing /opt/airflow/dags/tasks/ingest.py took 1.285 seconds
[2025-10-05T00:15:38.084+0000] {processor.py:186} INFO - Started process (PID=1896) to work on /opt/airflow/dags/tasks/ingest.py
[2025-10-05T00:15:38.092+0000] {processor.py:914} INFO - Processing file /opt/airflow/dags/tasks/ingest.py for tasks to queue
[2025-10-05T00:15:38.098+0000] {logging_mixin.py:190} INFO - [2025-10-05T00:15:38.096+0000] {dagbag.py:588} INFO - Filling up the DagBag from /opt/airflow/dags/tasks/ingest.py
[2025-10-05T00:15:39.309+0000] {processor.py:927} WARNING - No viable dags retrieved from /opt/airflow/dags/tasks/ingest.py
[2025-10-05T00:15:39.374+0000] {processor.py:208} INFO - Processing /opt/airflow/dags/tasks/ingest.py took 1.308 seconds
[2025-10-05T00:16:09.851+0000] {processor.py:186} INFO - Started process (PID=1923) to work on /opt/airflow/dags/tasks/ingest.py
[2025-10-05T00:16:09.874+0000] {processor.py:914} INFO - Processing file /opt/airflow/dags/tasks/ingest.py for tasks to queue
[2025-10-05T00:16:09.893+0000] {logging_mixin.py:190} INFO - [2025-10-05T00:16:09.890+0000] {dagbag.py:588} INFO - Filling up the DagBag from /opt/airflow/dags/tasks/ingest.py
[2025-10-05T00:16:13.650+0000] {processor.py:927} WARNING - No viable dags retrieved from /opt/airflow/dags/tasks/ingest.py
[2025-10-05T00:16:13.968+0000] {processor.py:208} INFO - Processing /opt/airflow/dags/tasks/ingest.py took 4.190 seconds
[2025-10-05T00:16:44.768+0000] {processor.py:186} INFO - Started process (PID=1950) to work on /opt/airflow/dags/tasks/ingest.py
[2025-10-05T00:16:44.771+0000] {processor.py:914} INFO - Processing file /opt/airflow/dags/tasks/ingest.py for tasks to queue
[2025-10-05T00:16:44.774+0000] {logging_mixin.py:190} INFO - [2025-10-05T00:16:44.773+0000] {dagbag.py:588} INFO - Filling up the DagBag from /opt/airflow/dags/tasks/ingest.py
[2025-10-05T00:16:46.494+0000] {processor.py:927} WARNING - No viable dags retrieved from /opt/airflow/dags/tasks/ingest.py
[2025-10-05T00:16:46.557+0000] {processor.py:208} INFO - Processing /opt/airflow/dags/tasks/ingest.py took 1.805 seconds
[2025-10-05T00:17:16.886+0000] {processor.py:186} INFO - Started process (PID=1977) to work on /opt/airflow/dags/tasks/ingest.py
[2025-10-05T00:17:16.889+0000] {processor.py:914} INFO - Processing file /opt/airflow/dags/tasks/ingest.py for tasks to queue
[2025-10-05T00:17:16.893+0000] {logging_mixin.py:190} INFO - [2025-10-05T00:17:16.892+0000] {dagbag.py:588} INFO - Filling up the DagBag from /opt/airflow/dags/tasks/ingest.py
[2025-10-05T00:17:18.077+0000] {processor.py:927} WARNING - No viable dags retrieved from /opt/airflow/dags/tasks/ingest.py
[2025-10-05T00:17:18.114+0000] {processor.py:208} INFO - Processing /opt/airflow/dags/tasks/ingest.py took 1.248 seconds
[2025-10-05T00:17:49.192+0000] {processor.py:186} INFO - Started process (PID=2004) to work on /opt/airflow/dags/tasks/ingest.py
[2025-10-05T00:17:49.196+0000] {processor.py:914} INFO - Processing file /opt/airflow/dags/tasks/ingest.py for tasks to queue
[2025-10-05T00:17:49.201+0000] {logging_mixin.py:190} INFO - [2025-10-05T00:17:49.200+0000] {dagbag.py:588} INFO - Filling up the DagBag from /opt/airflow/dags/tasks/ingest.py
[2025-10-05T00:17:50.237+0000] {processor.py:927} WARNING - No viable dags retrieved from /opt/airflow/dags/tasks/ingest.py
[2025-10-05T00:17:50.267+0000] {processor.py:208} INFO - Processing /opt/airflow/dags/tasks/ingest.py took 1.106 seconds
[2025-10-05T00:18:20.559+0000] {processor.py:186} INFO - Started process (PID=2031) to work on /opt/airflow/dags/tasks/ingest.py
[2025-10-05T00:18:20.563+0000] {processor.py:914} INFO - Processing file /opt/airflow/dags/tasks/ingest.py for tasks to queue
[2025-10-05T00:18:20.566+0000] {logging_mixin.py:190} INFO - [2025-10-05T00:18:20.566+0000] {dagbag.py:588} INFO - Filling up the DagBag from /opt/airflow/dags/tasks/ingest.py
[2025-10-05T00:18:21.892+0000] {processor.py:927} WARNING - No viable dags retrieved from /opt/airflow/dags/tasks/ingest.py
[2025-10-05T00:18:22.029+0000] {processor.py:208} INFO - Processing /opt/airflow/dags/tasks/ingest.py took 1.492 seconds
[2025-10-05T00:18:52.705+0000] {processor.py:186} INFO - Started process (PID=2058) to work on /opt/airflow/dags/tasks/ingest.py
[2025-10-05T00:18:52.707+0000] {processor.py:914} INFO - Processing file /opt/airflow/dags/tasks/ingest.py for tasks to queue
[2025-10-05T00:18:52.710+0000] {logging_mixin.py:190} INFO - [2025-10-05T00:18:52.709+0000] {dagbag.py:588} INFO - Filling up the DagBag from /opt/airflow/dags/tasks/ingest.py
[2025-10-05T00:18:54.874+0000] {processor.py:927} WARNING - No viable dags retrieved from /opt/airflow/dags/tasks/ingest.py
[2025-10-05T00:18:54.952+0000] {processor.py:208} INFO - Processing /opt/airflow/dags/tasks/ingest.py took 2.262 seconds
[2025-10-05T00:19:25.647+0000] {processor.py:186} INFO - Started process (PID=2085) to work on /opt/airflow/dags/tasks/ingest.py
[2025-10-05T00:19:25.654+0000] {processor.py:914} INFO - Processing file /opt/airflow/dags/tasks/ingest.py for tasks to queue
[2025-10-05T00:19:25.657+0000] {logging_mixin.py:190} INFO - [2025-10-05T00:19:25.657+0000] {dagbag.py:588} INFO - Filling up the DagBag from /opt/airflow/dags/tasks/ingest.py
[2025-10-05T00:19:26.456+0000] {processor.py:927} WARNING - No viable dags retrieved from /opt/airflow/dags/tasks/ingest.py
[2025-10-05T00:19:26.488+0000] {processor.py:208} INFO - Processing /opt/airflow/dags/tasks/ingest.py took 0.863 seconds
[2025-10-05T00:19:56.750+0000] {processor.py:186} INFO - Started process (PID=2112) to work on /opt/airflow/dags/tasks/ingest.py
[2025-10-05T00:19:56.752+0000] {processor.py:914} INFO - Processing file /opt/airflow/dags/tasks/ingest.py for tasks to queue
[2025-10-05T00:19:56.756+0000] {logging_mixin.py:190} INFO - [2025-10-05T00:19:56.755+0000] {dagbag.py:588} INFO - Filling up the DagBag from /opt/airflow/dags/tasks/ingest.py
[2025-10-05T00:19:57.974+0000] {processor.py:927} WARNING - No viable dags retrieved from /opt/airflow/dags/tasks/ingest.py
[2025-10-05T00:19:58.033+0000] {processor.py:208} INFO - Processing /opt/airflow/dags/tasks/ingest.py took 1.311 seconds
[2025-10-05T00:20:28.175+0000] {processor.py:186} INFO - Started process (PID=2139) to work on /opt/airflow/dags/tasks/ingest.py
[2025-10-05T00:20:28.178+0000] {processor.py:914} INFO - Processing file /opt/airflow/dags/tasks/ingest.py for tasks to queue
[2025-10-05T00:20:28.181+0000] {logging_mixin.py:190} INFO - [2025-10-05T00:20:28.180+0000] {dagbag.py:588} INFO - Filling up the DagBag from /opt/airflow/dags/tasks/ingest.py
[2025-10-05T00:20:29.630+0000] {processor.py:927} WARNING - No viable dags retrieved from /opt/airflow/dags/tasks/ingest.py
[2025-10-05T00:20:29.718+0000] {processor.py:208} INFO - Processing /opt/airflow/dags/tasks/ingest.py took 1.557 seconds
[2025-10-05T00:20:59.963+0000] {processor.py:186} INFO - Started process (PID=2166) to work on /opt/airflow/dags/tasks/ingest.py
[2025-10-05T00:20:59.966+0000] {processor.py:914} INFO - Processing file /opt/airflow/dags/tasks/ingest.py for tasks to queue
[2025-10-05T00:20:59.969+0000] {logging_mixin.py:190} INFO - [2025-10-05T00:20:59.968+0000] {dagbag.py:588} INFO - Filling up the DagBag from /opt/airflow/dags/tasks/ingest.py
[2025-10-05T00:21:01.747+0000] {processor.py:927} WARNING - No viable dags retrieved from /opt/airflow/dags/tasks/ingest.py
[2025-10-05T00:21:01.936+0000] {processor.py:208} INFO - Processing /opt/airflow/dags/tasks/ingest.py took 2.586 seconds
[2025-10-05T00:21:32.141+0000] {processor.py:186} INFO - Started process (PID=2193) to work on /opt/airflow/dags/tasks/ingest.py
[2025-10-05T00:21:32.145+0000] {processor.py:914} INFO - Processing file /opt/airflow/dags/tasks/ingest.py for tasks to queue
[2025-10-05T00:21:32.149+0000] {logging_mixin.py:190} INFO - [2025-10-05T00:21:32.148+0000] {dagbag.py:588} INFO - Filling up the DagBag from /opt/airflow/dags/tasks/ingest.py
[2025-10-05T00:21:33.460+0000] {processor.py:927} WARNING - No viable dags retrieved from /opt/airflow/dags/tasks/ingest.py
[2025-10-05T00:21:33.499+0000] {processor.py:208} INFO - Processing /opt/airflow/dags/tasks/ingest.py took 1.379 seconds
[2025-10-05T00:22:04.175+0000] {processor.py:186} INFO - Started process (PID=2220) to work on /opt/airflow/dags/tasks/ingest.py
[2025-10-05T00:22:04.180+0000] {processor.py:914} INFO - Processing file /opt/airflow/dags/tasks/ingest.py for tasks to queue
[2025-10-05T00:22:04.183+0000] {logging_mixin.py:190} INFO - [2025-10-05T00:22:04.182+0000] {dagbag.py:588} INFO - Filling up the DagBag from /opt/airflow/dags/tasks/ingest.py
[2025-10-05T00:22:05.090+0000] {processor.py:927} WARNING - No viable dags retrieved from /opt/airflow/dags/tasks/ingest.py
[2025-10-05T00:22:05.120+0000] {processor.py:208} INFO - Processing /opt/airflow/dags/tasks/ingest.py took 0.963 seconds
[2025-10-05T00:22:35.386+0000] {processor.py:186} INFO - Started process (PID=2251) to work on /opt/airflow/dags/tasks/ingest.py
[2025-10-05T00:22:35.390+0000] {processor.py:914} INFO - Processing file /opt/airflow/dags/tasks/ingest.py for tasks to queue
[2025-10-05T00:22:35.394+0000] {logging_mixin.py:190} INFO - [2025-10-05T00:22:35.393+0000] {dagbag.py:588} INFO - Filling up the DagBag from /opt/airflow/dags/tasks/ingest.py
[2025-10-05T00:22:44.913+0000] {processor.py:927} WARNING - No viable dags retrieved from /opt/airflow/dags/tasks/ingest.py
[2025-10-05T00:22:45.355+0000] {processor.py:208} INFO - Processing /opt/airflow/dags/tasks/ingest.py took 9.995 seconds
[2025-10-05T00:26:49.570+0000] {processor.py:186} INFO - Started process (PID=2264) to work on /opt/airflow/dags/tasks/ingest.py
[2025-10-05T00:26:49.581+0000] {processor.py:914} INFO - Processing file /opt/airflow/dags/tasks/ingest.py for tasks to queue
[2025-10-05T00:26:50.732+0000] {logging_mixin.py:190} INFO - [2025-10-05T00:26:50.728+0000] {dagbag.py:588} INFO - Filling up the DagBag from /opt/airflow/dags/tasks/ingest.py
[2025-10-05T00:26:57.557+0000] {processor.py:927} WARNING - No viable dags retrieved from /opt/airflow/dags/tasks/ingest.py
[2025-10-05T00:26:57.802+0000] {processor.py:208} INFO - Processing /opt/airflow/dags/tasks/ingest.py took 8.742 seconds
[2025-10-05T00:27:28.383+0000] {processor.py:186} INFO - Started process (PID=2291) to work on /opt/airflow/dags/tasks/ingest.py
[2025-10-05T00:27:28.388+0000] {processor.py:914} INFO - Processing file /opt/airflow/dags/tasks/ingest.py for tasks to queue
[2025-10-05T00:27:28.397+0000] {logging_mixin.py:190} INFO - [2025-10-05T00:27:28.394+0000] {dagbag.py:588} INFO - Filling up the DagBag from /opt/airflow/dags/tasks/ingest.py
[2025-10-05T00:27:31.402+0000] {processor.py:927} WARNING - No viable dags retrieved from /opt/airflow/dags/tasks/ingest.py
[2025-10-05T00:27:31.471+0000] {processor.py:208} INFO - Processing /opt/airflow/dags/tasks/ingest.py took 3.146 seconds
[2025-10-05T00:28:02.562+0000] {processor.py:186} INFO - Started process (PID=2318) to work on /opt/airflow/dags/tasks/ingest.py
[2025-10-05T00:28:02.588+0000] {processor.py:914} INFO - Processing file /opt/airflow/dags/tasks/ingest.py for tasks to queue
[2025-10-05T00:28:02.609+0000] {logging_mixin.py:190} INFO - [2025-10-05T00:28:02.602+0000] {dagbag.py:588} INFO - Filling up the DagBag from /opt/airflow/dags/tasks/ingest.py
[2025-10-05T00:28:08.867+0000] {processor.py:927} WARNING - No viable dags retrieved from /opt/airflow/dags/tasks/ingest.py
[2025-10-05T00:28:09.096+0000] {processor.py:208} INFO - Processing /opt/airflow/dags/tasks/ingest.py took 6.619 seconds
[2025-10-05T00:28:39.631+0000] {processor.py:186} INFO - Started process (PID=2338) to work on /opt/airflow/dags/tasks/ingest.py
[2025-10-05T00:28:39.636+0000] {processor.py:914} INFO - Processing file /opt/airflow/dags/tasks/ingest.py for tasks to queue
[2025-10-05T00:28:39.659+0000] {logging_mixin.py:190} INFO - [2025-10-05T00:28:39.652+0000] {dagbag.py:588} INFO - Filling up the DagBag from /opt/airflow/dags/tasks/ingest.py
[2025-10-05T00:28:43.473+0000] {processor.py:927} WARNING - No viable dags retrieved from /opt/airflow/dags/tasks/ingest.py
[2025-10-05T00:28:43.800+0000] {processor.py:208} INFO - Processing /opt/airflow/dags/tasks/ingest.py took 4.244 seconds
[2025-10-05T00:29:13.283+0000] {processor.py:186} INFO - Started process (PID=2364) to work on /opt/airflow/dags/tasks/ingest.py
[2025-10-05T00:29:13.291+0000] {processor.py:914} INFO - Processing file /opt/airflow/dags/tasks/ingest.py for tasks to queue
[2025-10-05T00:29:13.337+0000] {logging_mixin.py:190} INFO - [2025-10-05T00:29:13.335+0000] {dagbag.py:588} INFO - Filling up the DagBag from /opt/airflow/dags/tasks/ingest.py
[2025-10-05T00:29:17.602+0000] {processor.py:927} WARNING - No viable dags retrieved from /opt/airflow/dags/tasks/ingest.py
[2025-10-05T00:29:18.225+0000] {processor.py:208} INFO - Processing /opt/airflow/dags/tasks/ingest.py took 4.988 seconds
[2025-10-05T00:29:48.983+0000] {processor.py:186} INFO - Started process (PID=2390) to work on /opt/airflow/dags/tasks/ingest.py
[2025-10-05T00:29:48.988+0000] {processor.py:914} INFO - Processing file /opt/airflow/dags/tasks/ingest.py for tasks to queue
[2025-10-05T00:29:49.005+0000] {logging_mixin.py:190} INFO - [2025-10-05T00:29:48.992+0000] {dagbag.py:588} INFO - Filling up the DagBag from /opt/airflow/dags/tasks/ingest.py
[2025-10-05T00:29:53.382+0000] {processor.py:927} WARNING - No viable dags retrieved from /opt/airflow/dags/tasks/ingest.py
[2025-10-05T00:29:54.197+0000] {processor.py:208} INFO - Processing /opt/airflow/dags/tasks/ingest.py took 5.274 seconds
[2025-10-05T00:30:25.168+0000] {processor.py:186} INFO - Started process (PID=2417) to work on /opt/airflow/dags/tasks/ingest.py
[2025-10-05T00:30:25.173+0000] {processor.py:914} INFO - Processing file /opt/airflow/dags/tasks/ingest.py for tasks to queue
[2025-10-05T00:30:25.178+0000] {logging_mixin.py:190} INFO - [2025-10-05T00:30:25.177+0000] {dagbag.py:588} INFO - Filling up the DagBag from /opt/airflow/dags/tasks/ingest.py
[2025-10-05T00:30:26.714+0000] {processor.py:927} WARNING - No viable dags retrieved from /opt/airflow/dags/tasks/ingest.py
[2025-10-05T00:30:27.429+0000] {processor.py:208} INFO - Processing /opt/airflow/dags/tasks/ingest.py took 4.011 seconds
[2025-10-05T00:30:57.998+0000] {processor.py:186} INFO - Started process (PID=2444) to work on /opt/airflow/dags/tasks/ingest.py
[2025-10-05T00:30:58.003+0000] {processor.py:914} INFO - Processing file /opt/airflow/dags/tasks/ingest.py for tasks to queue
[2025-10-05T00:30:58.014+0000] {logging_mixin.py:190} INFO - [2025-10-05T00:30:58.009+0000] {dagbag.py:588} INFO - Filling up the DagBag from /opt/airflow/dags/tasks/ingest.py
[2025-10-05T00:31:03.130+0000] {processor.py:927} WARNING - No viable dags retrieved from /opt/airflow/dags/tasks/ingest.py
[2025-10-05T00:31:03.647+0000] {processor.py:208} INFO - Processing /opt/airflow/dags/tasks/ingest.py took 5.694 seconds
[2025-10-05T00:31:34.658+0000] {processor.py:186} INFO - Started process (PID=2471) to work on /opt/airflow/dags/tasks/ingest.py
[2025-10-05T00:31:34.666+0000] {processor.py:914} INFO - Processing file /opt/airflow/dags/tasks/ingest.py for tasks to queue
[2025-10-05T00:31:34.672+0000] {logging_mixin.py:190} INFO - [2025-10-05T00:31:34.670+0000] {dagbag.py:588} INFO - Filling up the DagBag from /opt/airflow/dags/tasks/ingest.py
[2025-10-05T00:31:35.973+0000] {processor.py:927} WARNING - No viable dags retrieved from /opt/airflow/dags/tasks/ingest.py
[2025-10-05T00:31:36.581+0000] {processor.py:208} INFO - Processing /opt/airflow/dags/tasks/ingest.py took 3.945 seconds
[2025-10-05T00:32:11.048+0000] {processor.py:186} INFO - Started process (PID=2495) to work on /opt/airflow/dags/tasks/ingest.py
[2025-10-05T00:32:13.690+0000] {processor.py:914} INFO - Processing file /opt/airflow/dags/tasks/ingest.py for tasks to queue
[2025-10-05T00:32:17.266+0000] {logging_mixin.py:190} INFO - [2025-10-05T00:32:15.780+0000] {dagbag.py:588} INFO - Filling up the DagBag from /opt/airflow/dags/tasks/ingest.py
[2025-10-05T02:50:02.782+0000] {processor.py:186} INFO - Started process (PID=2507) to work on /opt/airflow/dags/tasks/ingest.py
[2025-10-05T02:50:02.790+0000] {processor.py:914} INFO - Processing file /opt/airflow/dags/tasks/ingest.py for tasks to queue
[2025-10-05T02:50:02.796+0000] {logging_mixin.py:190} INFO - [2025-10-05T02:50:02.794+0000] {dagbag.py:588} INFO - Filling up the DagBag from /opt/airflow/dags/tasks/ingest.py
[2025-10-05T02:50:07.196+0000] {processor.py:927} WARNING - No viable dags retrieved from /opt/airflow/dags/tasks/ingest.py
[2025-10-05T02:50:07.705+0000] {processor.py:208} INFO - Processing /opt/airflow/dags/tasks/ingest.py took 4.948 seconds
[2025-10-05T03:00:54.619+0000] {processor.py:186} INFO - Started process (PID=2533) to work on /opt/airflow/dags/tasks/ingest.py
[2025-10-05T03:00:55.467+0000] {processor.py:914} INFO - Processing file /opt/airflow/dags/tasks/ingest.py for tasks to queue
[2025-10-05T03:00:56.051+0000] {logging_mixin.py:190} INFO - [2025-10-05T03:00:55.719+0000] {dagbag.py:588} INFO - Filling up the DagBag from /opt/airflow/dags/tasks/ingest.py
[2025-10-05T03:01:30.954+0000] {processor.py:186} INFO - Started process (PID=2545) to work on /opt/airflow/dags/tasks/ingest.py
[2025-10-05T03:01:30.960+0000] {processor.py:914} INFO - Processing file /opt/airflow/dags/tasks/ingest.py for tasks to queue
[2025-10-05T03:01:30.972+0000] {logging_mixin.py:190} INFO - [2025-10-05T03:01:30.970+0000] {dagbag.py:588} INFO - Filling up the DagBag from /opt/airflow/dags/tasks/ingest.py
[2025-10-05T03:01:34.007+0000] {processor.py:927} WARNING - No viable dags retrieved from /opt/airflow/dags/tasks/ingest.py
[2025-10-05T03:01:34.390+0000] {processor.py:208} INFO - Processing /opt/airflow/dags/tasks/ingest.py took 3.494 seconds
[2025-10-05T03:02:05.029+0000] {processor.py:186} INFO - Started process (PID=2571) to work on /opt/airflow/dags/tasks/ingest.py
[2025-10-05T03:02:05.036+0000] {processor.py:914} INFO - Processing file /opt/airflow/dags/tasks/ingest.py for tasks to queue
[2025-10-05T03:02:05.048+0000] {logging_mixin.py:190} INFO - [2025-10-05T03:02:05.042+0000] {dagbag.py:588} INFO - Filling up the DagBag from /opt/airflow/dags/tasks/ingest.py
[2025-10-05T03:02:11.204+0000] {processor.py:927} WARNING - No viable dags retrieved from /opt/airflow/dags/tasks/ingest.py
[2025-10-05T03:02:21.341+0000] {processor.py:211} ERROR - Got an exception! Propagating...
Traceback (most recent call last):
  File "/home/airflow/.local/lib/python3.12/site-packages/sqlalchemy/engine/base.py", line 3371, in _wrap_pool_connect
    return fn()
           ^^^^
  File "/home/airflow/.local/lib/python3.12/site-packages/sqlalchemy/pool/base.py", line 327, in connect
    return _ConnectionFairy._checkout(self)
           ^^^^^^^^^^^^^^^^^^^^^^^^^^^^^^^^
  File "/home/airflow/.local/lib/python3.12/site-packages/sqlalchemy/pool/base.py", line 894, in _checkout
    fairy = _ConnectionRecord.checkout(pool)
            ^^^^^^^^^^^^^^^^^^^^^^^^^^^^^^^^
  File "/home/airflow/.local/lib/python3.12/site-packages/sqlalchemy/pool/base.py", line 493, in checkout
    rec = pool._do_get()
          ^^^^^^^^^^^^^^
  File "/home/airflow/.local/lib/python3.12/site-packages/sqlalchemy/pool/impl.py", line 145, in _do_get
    with util.safe_reraise():
         ^^^^^^^^^^^^^^^^^^^
  File "/home/airflow/.local/lib/python3.12/site-packages/sqlalchemy/util/langhelpers.py", line 70, in __exit__
    compat.raise_(
  File "/home/airflow/.local/lib/python3.12/site-packages/sqlalchemy/util/compat.py", line 211, in raise_
    raise exception
  File "/home/airflow/.local/lib/python3.12/site-packages/sqlalchemy/pool/impl.py", line 143, in _do_get
    return self._create_connection()
           ^^^^^^^^^^^^^^^^^^^^^^^^^
  File "/home/airflow/.local/lib/python3.12/site-packages/sqlalchemy/pool/base.py", line 273, in _create_connection
    return _ConnectionRecord(self)
           ^^^^^^^^^^^^^^^^^^^^^^^
  File "/home/airflow/.local/lib/python3.12/site-packages/sqlalchemy/pool/base.py", line 388, in __init__
    self.__connect()
  File "/home/airflow/.local/lib/python3.12/site-packages/sqlalchemy/pool/base.py", line 690, in __connect
    with util.safe_reraise():
         ^^^^^^^^^^^^^^^^^^^
  File "/home/airflow/.local/lib/python3.12/site-packages/sqlalchemy/util/langhelpers.py", line 70, in __exit__
    compat.raise_(
  File "/home/airflow/.local/lib/python3.12/site-packages/sqlalchemy/util/compat.py", line 211, in raise_
    raise exception
  File "/home/airflow/.local/lib/python3.12/site-packages/sqlalchemy/pool/base.py", line 686, in __connect
    self.dbapi_connection = connection = pool._invoke_creator(self)
                                         ^^^^^^^^^^^^^^^^^^^^^^^^^^
  File "/home/airflow/.local/lib/python3.12/site-packages/sqlalchemy/engine/create.py", line 574, in connect
    return dialect.connect(*cargs, **cparams)
           ^^^^^^^^^^^^^^^^^^^^^^^^^^^^^^^^^^
  File "/home/airflow/.local/lib/python3.12/site-packages/sqlalchemy/engine/default.py", line 598, in connect
    return self.dbapi.connect(*cargs, **cparams)
           ^^^^^^^^^^^^^^^^^^^^^^^^^^^^^^^^^^^^^
  File "/home/airflow/.local/lib/python3.12/site-packages/psycopg2/__init__.py", line 122, in connect
    conn = _connect(dsn, connection_factory=connection_factory, **kwasync)
           ^^^^^^^^^^^^^^^^^^^^^^^^^^^^^^^^^^^^^^^^^^^^^^^^^^^^^^^^^^^^^^^
psycopg2.OperationalError: could not translate host name "postgres" to address: Temporary failure in name resolution


The above exception was the direct cause of the following exception:

Traceback (most recent call last):
  File "/home/airflow/.local/lib/python3.12/site-packages/airflow/dag_processing/processor.py", line 207, in _run_file_processor
    _handle_dag_file_processing()
  File "/home/airflow/.local/lib/python3.12/site-packages/airflow/dag_processing/processor.py", line 188, in _handle_dag_file_processing
    result: tuple[int, int, int] = dag_file_processor.process_file(
                                   ^^^^^^^^^^^^^^^^^^^^^^^^^^^^^^^^
  File "/home/airflow/.local/lib/python3.12/site-packages/airflow/utils/session.py", line 97, in wrapper
    return func(*args, session=session, **kwargs)
           ^^^^^^^^^^^^^^^^^^^^^^^^^^^^^^^^^^^^^^
  File "/home/airflow/.local/lib/python3.12/site-packages/airflow/dag_processing/processor.py", line 928, in process_file
    DagFileProcessor.update_import_errors(
  File "/home/airflow/.local/lib/python3.12/site-packages/airflow/api_internal/internal_api_call.py", line 166, in wrapper
    return func(*args, **kwargs)
           ^^^^^^^^^^^^^^^^^^^^^
  File "/home/airflow/.local/lib/python3.12/site-packages/airflow/utils/session.py", line 97, in wrapper
    return func(*args, session=session, **kwargs)
           ^^^^^^^^^^^^^^^^^^^^^^^^^^^^^^^^^^^^^^
  File "/home/airflow/.local/lib/python3.12/site-packages/airflow/dag_processing/processor.py", line 641, in update_import_errors
    session.execute(
  File "/home/airflow/.local/lib/python3.12/site-packages/sqlalchemy/orm/session.py", line 1716, in execute
    conn = self._connection_for_bind(bind)
           ^^^^^^^^^^^^^^^^^^^^^^^^^^^^^^^
  File "/home/airflow/.local/lib/python3.12/site-packages/sqlalchemy/orm/session.py", line 1555, in _connection_for_bind
    return self._transaction._connection_for_bind(
           ^^^^^^^^^^^^^^^^^^^^^^^^^^^^^^^^^^^^^^^
  File "/home/airflow/.local/lib/python3.12/site-packages/sqlalchemy/orm/session.py", line 750, in _connection_for_bind
    conn = bind.connect()
           ^^^^^^^^^^^^^^
  File "/home/airflow/.local/lib/python3.12/site-packages/sqlalchemy/future/engine.py", line 412, in connect
    return super(Engine, self).connect()
           ^^^^^^^^^^^^^^^^^^^^^^^^^^^^^
  File "/home/airflow/.local/lib/python3.12/site-packages/sqlalchemy/engine/base.py", line 3325, in connect
    return self._connection_cls(self, close_with_result=close_with_result)
           ^^^^^^^^^^^^^^^^^^^^^^^^^^^^^^^^^^^^^^^^^^^^^^^^^^^^^^^^^^^^^^^
  File "/home/airflow/.local/lib/python3.12/site-packages/sqlalchemy/engine/base.py", line 96, in __init__
    else engine.raw_connection()
         ^^^^^^^^^^^^^^^^^^^^^^^
  File "/home/airflow/.local/lib/python3.12/site-packages/sqlalchemy/engine/base.py", line 3404, in raw_connection
    return self._wrap_pool_connect(self.pool.connect, _connection)
           ^^^^^^^^^^^^^^^^^^^^^^^^^^^^^^^^^^^^^^^^^^^^^^^^^^^^^^^
  File "/home/airflow/.local/lib/python3.12/site-packages/sqlalchemy/engine/base.py", line 3374, in _wrap_pool_connect
    Connection._handle_dbapi_exception_noconnection(
  File "/home/airflow/.local/lib/python3.12/site-packages/sqlalchemy/engine/base.py", line 2208, in _handle_dbapi_exception_noconnection
    util.raise_(
  File "/home/airflow/.local/lib/python3.12/site-packages/sqlalchemy/util/compat.py", line 211, in raise_
    raise exception
  File "/home/airflow/.local/lib/python3.12/site-packages/sqlalchemy/engine/base.py", line 3371, in _wrap_pool_connect
    return fn()
           ^^^^
  File "/home/airflow/.local/lib/python3.12/site-packages/sqlalchemy/pool/base.py", line 327, in connect
    return _ConnectionFairy._checkout(self)
           ^^^^^^^^^^^^^^^^^^^^^^^^^^^^^^^^
  File "/home/airflow/.local/lib/python3.12/site-packages/sqlalchemy/pool/base.py", line 894, in _checkout
    fairy = _ConnectionRecord.checkout(pool)
            ^^^^^^^^^^^^^^^^^^^^^^^^^^^^^^^^
  File "/home/airflow/.local/lib/python3.12/site-packages/sqlalchemy/pool/base.py", line 493, in checkout
    rec = pool._do_get()
          ^^^^^^^^^^^^^^
  File "/home/airflow/.local/lib/python3.12/site-packages/sqlalchemy/pool/impl.py", line 145, in _do_get
    with util.safe_reraise():
         ^^^^^^^^^^^^^^^^^^^
  File "/home/airflow/.local/lib/python3.12/site-packages/sqlalchemy/util/langhelpers.py", line 70, in __exit__
    compat.raise_(
  File "/home/airflow/.local/lib/python3.12/site-packages/sqlalchemy/util/compat.py", line 211, in raise_
    raise exception
  File "/home/airflow/.local/lib/python3.12/site-packages/sqlalchemy/pool/impl.py", line 143, in _do_get
    return self._create_connection()
           ^^^^^^^^^^^^^^^^^^^^^^^^^
  File "/home/airflow/.local/lib/python3.12/site-packages/sqlalchemy/pool/base.py", line 273, in _create_connection
    return _ConnectionRecord(self)
           ^^^^^^^^^^^^^^^^^^^^^^^
  File "/home/airflow/.local/lib/python3.12/site-packages/sqlalchemy/pool/base.py", line 388, in __init__
    self.__connect()
  File "/home/airflow/.local/lib/python3.12/site-packages/sqlalchemy/pool/base.py", line 690, in __connect
    with util.safe_reraise():
         ^^^^^^^^^^^^^^^^^^^
  File "/home/airflow/.local/lib/python3.12/site-packages/sqlalchemy/util/langhelpers.py", line 70, in __exit__
    compat.raise_(
  File "/home/airflow/.local/lib/python3.12/site-packages/sqlalchemy/util/compat.py", line 211, in raise_
    raise exception
  File "/home/airflow/.local/lib/python3.12/site-packages/sqlalchemy/pool/base.py", line 686, in __connect
    self.dbapi_connection = connection = pool._invoke_creator(self)
                                         ^^^^^^^^^^^^^^^^^^^^^^^^^^
  File "/home/airflow/.local/lib/python3.12/site-packages/sqlalchemy/engine/create.py", line 574, in connect
    return dialect.connect(*cargs, **cparams)
           ^^^^^^^^^^^^^^^^^^^^^^^^^^^^^^^^^^
  File "/home/airflow/.local/lib/python3.12/site-packages/sqlalchemy/engine/default.py", line 598, in connect
    return self.dbapi.connect(*cargs, **cparams)
           ^^^^^^^^^^^^^^^^^^^^^^^^^^^^^^^^^^^^^
  File "/home/airflow/.local/lib/python3.12/site-packages/psycopg2/__init__.py", line 122, in connect
    conn = _connect(dsn, connection_factory=connection_factory, **kwasync)
           ^^^^^^^^^^^^^^^^^^^^^^^^^^^^^^^^^^^^^^^^^^^^^^^^^^^^^^^^^^^^^^^
sqlalchemy.exc.OperationalError: (psycopg2.OperationalError) could not translate host name "postgres" to address: Temporary failure in name resolution

(Background on this error at: https://sqlalche.me/e/14/e3q8)
